ARM GAS  D:\Windows\AppData\Local\Temp\cc88URHn.s 			page 1


   1              		.syntax unified
   2              		.cpu cortex-m3
   3              		.fpu softvfp
   4              		.eabi_attribute 20, 1
   5              		.eabi_attribute 21, 1
   6              		.eabi_attribute 23, 3
   7              		.eabi_attribute 24, 1
   8              		.eabi_attribute 25, 1
   9              		.eabi_attribute 26, 1
  10              		.eabi_attribute 30, 6
  11              		.eabi_attribute 34, 1
  12              		.eabi_attribute 18, 4
  13              		.thumb
  14              		.file	"time_manager.c"
  15              		.text
  16              	.Ltext0:
  17              		.cfi_sections	.debug_frame
  18              		.comm	current_time,16,4
  19              		.section	.text.time_refresh_vector,"ax",%progbits
  20              		.align	2
  21              		.global	time_refresh_vector
  22              		.thumb
  23              		.thumb_func
  24              		.type	time_refresh_vector, %function
  25              	time_refresh_vector:
  26              	.LFB63:
  27              		.file 1 "time_manager.c"
   1:time_manager.c **** #include "time_manager.h"
   2:time_manager.c **** 
   3:time_manager.c **** 
   4:time_manager.c **** volatile Time current_time;
   5:time_manager.c **** 
   6:time_manager.c **** 
   7:time_manager.c **** /* CY_ISR(time_refresh_vector)
   8:time_manager.c **** 	Runs every X seconds and retreives the current time from the RTC
   9:time_manager.c **** 	Sets the refresh_status flag, which will trigger time_announce() to inject a
  10:time_manager.c **** 	message containing the current time to the data_queue.  */
  11:time_manager.c **** CY_ISR(time_refresh_vector) {
  28              		.loc 1 11 0
  29              		.cfi_startproc
  30              		@ args = 0, pretend = 0, frame = 16
  31              		@ frame_needed = 1, uses_anonymous_args = 0
  32 0000 90B5     		push	{r4, r7, lr}
  33              		.cfi_def_cfa_offset 12
  34              		.cfi_offset 4, -12
  35              		.cfi_offset 7, -8
  36              		.cfi_offset 14, -4
  37 0002 85B0     		sub	sp, sp, #20
  38              		.cfi_def_cfa_offset 32
  39 0004 00AF     		add	r7, sp, #0
  40              		.cfi_def_cfa_register 7
  12:time_manager.c **** 	current_time = time_retreive(); // get time from rtc
  41              		.loc 1 12 0
  42 0006 074C     		ldr	r4, .L2
  43 0008 3B46     		mov	r3, r7
  44 000a 1846     		mov	r0, r3
  45 000c FFF7FEFF 		bl	time_retreive
ARM GAS  D:\Windows\AppData\Local\Temp\cc88URHn.s 			page 2


  46 0010 3B46     		mov	r3, r7
  47 0012 0FCB     		ldmia	r3, {r0, r1, r2, r3}
  48 0014 84E80F00 		stmia	r4, {r0, r1, r2, r3}
  13:time_manager.c **** 	time_announce();
  49              		.loc 1 13 0
  50 0018 FFF7FEFF 		bl	time_announce
  14:time_manager.c **** } // CY_ISR(time_refresh_vector)
  51              		.loc 1 14 0
  52 001c 1437     		adds	r7, r7, #20
  53              		.cfi_def_cfa_offset 12
  54 001e BD46     		mov	sp, r7
  55              		.cfi_def_cfa_register 13
  56              		@ sp needed
  57 0020 90BD     		pop	{r4, r7, pc}
  58              	.L3:
  59 0022 00BF     		.align	2
  60              	.L2:
  61 0024 00000000 		.word	current_time
  62              		.cfi_endproc
  63              	.LFE63:
  64              		.size	time_refresh_vector, .-time_refresh_vector
  65              		.section	.text.wdt_reset_interupt,"ax",%progbits
  66              		.align	2
  67              		.global	wdt_reset_interupt
  68              		.thumb
  69              		.thumb_func
  70              		.type	wdt_reset_interupt, %function
  71              	wdt_reset_interupt:
  72              	.LFB64:
  15:time_manager.c **** 
  16:time_manager.c **** CY_ISR(wdt_reset_interupt) {
  73              		.loc 1 16 0
  74              		.cfi_startproc
  75              		@ args = 0, pretend = 0, frame = 0
  76              		@ frame_needed = 1, uses_anonymous_args = 0
  77 0000 80B5     		push	{r7, lr}
  78              		.cfi_def_cfa_offset 8
  79              		.cfi_offset 7, -8
  80              		.cfi_offset 14, -4
  81 0002 00AF     		add	r7, sp, #0
  82              		.cfi_def_cfa_register 7
  17:time_manager.c **** 	CyWdtClear();
  83              		.loc 1 17 0
  84 0004 FFF7FEFF 		bl	CyWdtClear
  18:time_manager.c **** }
  85              		.loc 1 18 0
  86 0008 80BD     		pop	{r7, pc}
  87              		.cfi_endproc
  88              	.LFE64:
  89              		.size	wdt_reset_interupt, .-wdt_reset_interupt
  90 000a 00BF     		.section	.text.time_init,"ax",%progbits
  91              		.align	2
  92              		.global	time_init
  93              		.thumb
  94              		.thumb_func
  95              		.type	time_init, %function
  96              	time_init:
ARM GAS  D:\Windows\AppData\Local\Temp\cc88URHn.s 			page 3


  97              	.LFB65:
  19:time_manager.c **** 
  20:time_manager.c **** 
  21:time_manager.c **** /* time_init()
  22:time_manager.c **** 	Takes and Returns nothing.
  23:time_manager.c **** 	Initializes i2c with RTC and configures the RTC. Starts the timers and
  24:time_manager.c **** 	time_refresh_vector interrupt.
  25:time_manager.c **** 	RTC PART: MAXIM DS3231  */
  26:time_manager.c **** void time_init(void) {
  98              		.loc 1 26 0
  99              		.cfi_startproc
 100              		@ args = 0, pretend = 0, frame = 16
 101              		@ frame_needed = 1, uses_anonymous_args = 0
 102 0000 90B5     		push	{r4, r7, lr}
 103              		.cfi_def_cfa_offset 12
 104              		.cfi_offset 4, -12
 105              		.cfi_offset 7, -8
 106              		.cfi_offset 14, -4
 107 0002 85B0     		sub	sp, sp, #20
 108              		.cfi_def_cfa_offset 32
 109 0004 00AF     		add	r7, sp, #0
 110              		.cfi_def_cfa_register 7
  27:time_manager.c **** 	rtc_i2c_Start(); // start i2c for RTC
 111              		.loc 1 27 0
 112 0006 FFF7FEFF 		bl	rtc_i2c_Start
  28:time_manager.c **** 	time_refresh_isr_StartEx(time_refresh_vector);  // enable 1 second isr
 113              		.loc 1 28 0
 114 000a 0A48     		ldr	r0, .L6
 115 000c FFF7FEFF 		bl	time_refresh_isr_StartEx
  29:time_manager.c ****     
  30:time_manager.c **** 	// Start timers
  31:time_manager.c **** 	millis_timer_Start();
 116              		.loc 1 31 0
 117 0010 FFF7FEFF 		bl	millis_timer_Start
  32:time_manager.c **** 	time_refresh_timer_Start();
 118              		.loc 1 32 0
 119 0014 FFF7FEFF 		bl	time_refresh_timer_Start
  33:time_manager.c **** 	current_time = time_retreive(); // get initial time from rtc & publish
 120              		.loc 1 33 0
 121 0018 074C     		ldr	r4, .L6+4
 122 001a 3B46     		mov	r3, r7
 123 001c 1846     		mov	r0, r3
 124 001e FFF7FEFF 		bl	time_retreive
 125 0022 3B46     		mov	r3, r7
 126 0024 0FCB     		ldmia	r3, {r0, r1, r2, r3}
 127 0026 84E80F00 		stmia	r4, {r0, r1, r2, r3}
  34:time_manager.c **** 	time_announce();
 128              		.loc 1 34 0
 129 002a FFF7FEFF 		bl	time_announce
  35:time_manager.c **** } // time_init()
 130              		.loc 1 35 0
 131 002e 1437     		adds	r7, r7, #20
 132              		.cfi_def_cfa_offset 12
 133 0030 BD46     		mov	sp, r7
 134              		.cfi_def_cfa_register 13
 135              		@ sp needed
 136 0032 90BD     		pop	{r4, r7, pc}
ARM GAS  D:\Windows\AppData\Local\Temp\cc88URHn.s 			page 4


 137              	.L7:
 138              		.align	2
 139              	.L6:
 140 0034 00000000 		.word	time_refresh_vector
 141 0038 00000000 		.word	current_time
 142              		.cfi_endproc
 143              	.LFE65:
 144              		.size	time_init, .-time_init
 145              		.section	.text.wdt_init,"ax",%progbits
 146              		.align	2
 147              		.global	wdt_init
 148              		.thumb
 149              		.thumb_func
 150              		.type	wdt_init, %function
 151              	wdt_init:
 152              	.LFB66:
  36:time_manager.c **** 
  37:time_manager.c **** void wdt_init() {	//start watchdog timer
 153              		.loc 1 37 0
 154              		.cfi_startproc
 155              		@ args = 0, pretend = 0, frame = 0
 156              		@ frame_needed = 1, uses_anonymous_args = 0
 157 0000 80B5     		push	{r7, lr}
 158              		.cfi_def_cfa_offset 8
 159              		.cfi_offset 7, -8
 160              		.cfi_offset 14, -4
 161 0002 00AF     		add	r7, sp, #0
 162              		.cfi_def_cfa_register 7
  38:time_manager.c **** 	CyWdtStart(CYWDT_1024_TICKS, CYWDT_LPMODE_NOCHANGE);
 163              		.loc 1 38 0
 164 0004 0320     		movs	r0, #3
 165 0006 0021     		movs	r1, #0
 166 0008 FFF7FEFF 		bl	CyWdtStart
  39:time_manager.c **** 	watchdog_timer_Start();
 167              		.loc 1 39 0
 168 000c FFF7FEFF 		bl	watchdog_timer_Start
  40:time_manager.c **** 	wdt_reset_isr_StartEx(wdt_reset_interupt);
 169              		.loc 1 40 0
 170 0010 0148     		ldr	r0, .L9
 171 0012 FFF7FEFF 		bl	wdt_reset_isr_StartEx
  41:time_manager.c **** }
 172              		.loc 1 41 0
 173 0016 80BD     		pop	{r7, pc}
 174              	.L10:
 175              		.align	2
 176              	.L9:
 177 0018 00000000 		.word	wdt_reset_interupt
 178              		.cfi_endproc
 179              	.LFE66:
 180              		.size	wdt_init, .-wdt_init
 181              		.section	.text.time_announce,"ax",%progbits
 182              		.align	2
 183              		.global	time_announce
 184              		.thumb
 185              		.thumb_func
 186              		.type	time_announce, %function
 187              	time_announce:
ARM GAS  D:\Windows\AppData\Local\Temp\cc88URHn.s 			page 5


 188              	.LFB67:
  42:time_manager.c **** 
  43:time_manager.c **** /* time_announce()
  44:time_manager.c **** 	Returns nothing.
  45:time_manager.c ****     The actual time is set by the refresh_vector interrupts.
  46:time_manager.c **** */
  47:time_manager.c **** void time_announce() {
 189              		.loc 1 47 0
 190              		.cfi_startproc
 191              		@ args = 0, pretend = 0, frame = 24
 192              		@ frame_needed = 1, uses_anonymous_args = 0
 193 0000 80B5     		push	{r7, lr}
 194              		.cfi_def_cfa_offset 8
 195              		.cfi_offset 7, -8
 196              		.cfi_offset 14, -4
 197 0002 86B0     		sub	sp, sp, #24
 198              		.cfi_def_cfa_offset 32
 199 0004 00AF     		add	r7, sp, #0
 200              		.cfi_def_cfa_register 7
  48:time_manager.c **** 	DataPacket msg_time;
  49:time_manager.c **** 	/* Time Frame for serial data
  50:time_manager.c **** 		START COUNTER zero year_upper, year_lower, month, date, hour, minutes, seconds	*/
  51:time_manager.c ****     uint8_t atomic_state = CyEnterCriticalSection(); // BEGIN ATOMIC
 201              		.loc 1 51 0
 202 0006 FFF7FEFF 		bl	CyEnterCriticalSection
 203 000a 0346     		mov	r3, r0
 204 000c FB75     		strb	r3, [r7, #23]
  52:time_manager.c ****     msg_time.id = ID_TIME;
 205              		.loc 1 52 0
 206 000e 40F22313 		movw	r3, #291
 207 0012 3B81     		strh	r3, [r7, #8]	@ movhi
  53:time_manager.c **** 	msg_time.length = 8;
 208              		.loc 1 53 0
 209 0014 0823     		movs	r3, #8
 210 0016 BB72     		strb	r3, [r7, #10]
  54:time_manager.c **** 	msg_time.millicounter = current_time.millicounter;
 211              		.loc 1 54 0
 212 0018 174B     		ldr	r3, .L12
 213 001a 9B68     		ldr	r3, [r3, #8]
 214 001c 7B60     		str	r3, [r7, #4]
  55:time_manager.c **** 	msg_time.data[0] = 0;
 215              		.loc 1 55 0
 216 001e 0023     		movs	r3, #0
 217 0020 FB72     		strb	r3, [r7, #11]
  56:time_manager.c **** 	msg_time.data[1] = current_time.year >> 8;
 218              		.loc 1 56 0
 219 0022 154B     		ldr	r3, .L12
 220 0024 9B89     		ldrh	r3, [r3, #12]	@ movhi
 221 0026 9BB2     		uxth	r3, r3
 222 0028 1B0A     		lsrs	r3, r3, #8
 223 002a 9BB2     		uxth	r3, r3
 224 002c DBB2     		uxtb	r3, r3
 225 002e 3B73     		strb	r3, [r7, #12]
  57:time_manager.c **** 	msg_time.data[2] = current_time.year;
 226              		.loc 1 57 0
 227 0030 114B     		ldr	r3, .L12
 228 0032 9B89     		ldrh	r3, [r3, #12]	@ movhi
ARM GAS  D:\Windows\AppData\Local\Temp\cc88URHn.s 			page 6


 229 0034 9BB2     		uxth	r3, r3
 230 0036 DBB2     		uxtb	r3, r3
 231 0038 7B73     		strb	r3, [r7, #13]
  58:time_manager.c **** 	msg_time.data[3] = current_time.month;
 232              		.loc 1 58 0
 233 003a 0F4B     		ldr	r3, .L12
 234 003c 1B78     		ldrb	r3, [r3]
 235 003e DBB2     		uxtb	r3, r3
 236 0040 BB73     		strb	r3, [r7, #14]
  59:time_manager.c **** 	msg_time.data[4] = current_time.day;
 237              		.loc 1 59 0
 238 0042 0D4B     		ldr	r3, .L12
 239 0044 5B78     		ldrb	r3, [r3, #1]
 240 0046 DBB2     		uxtb	r3, r3
 241 0048 FB73     		strb	r3, [r7, #15]
  60:time_manager.c **** 	msg_time.data[5] = current_time.hour;
 242              		.loc 1 60 0
 243 004a 0B4B     		ldr	r3, .L12
 244 004c 9B78     		ldrb	r3, [r3, #2]
 245 004e DBB2     		uxtb	r3, r3
 246 0050 3B74     		strb	r3, [r7, #16]
  61:time_manager.c **** 	msg_time.data[6] = current_time.minute;
 247              		.loc 1 61 0
 248 0052 094B     		ldr	r3, .L12
 249 0054 DB78     		ldrb	r3, [r3, #3]
 250 0056 DBB2     		uxtb	r3, r3
 251 0058 7B74     		strb	r3, [r7, #17]
  62:time_manager.c **** 	msg_time.data[7] = current_time.second;
 252              		.loc 1 62 0
 253 005a 074B     		ldr	r3, .L12
 254 005c 1B79     		ldrb	r3, [r3, #4]
 255 005e DBB2     		uxtb	r3, r3
 256 0060 BB74     		strb	r3, [r7, #18]
  63:time_manager.c **** 
  64:time_manager.c **** 	msg_recieve(&msg_time);
 257              		.loc 1 64 0
 258 0062 3B1D     		adds	r3, r7, #4
 259 0064 1846     		mov	r0, r3
 260 0066 FFF7FEFF 		bl	msg_recieve
  65:time_manager.c ****     CyExitCriticalSection(atomic_state); // END ATOMIC
 261              		.loc 1 65 0
 262 006a FB7D     		ldrb	r3, [r7, #23]	@ zero_extendqisi2
 263 006c 1846     		mov	r0, r3
 264 006e FFF7FEFF 		bl	CyExitCriticalSection
  66:time_manager.c **** } // time_announce()
 265              		.loc 1 66 0
 266 0072 1837     		adds	r7, r7, #24
 267              		.cfi_def_cfa_offset 8
 268 0074 BD46     		mov	sp, r7
 269              		.cfi_def_cfa_register 13
 270              		@ sp needed
 271 0076 80BD     		pop	{r7, pc}
 272              	.L13:
 273              		.align	2
 274              	.L12:
 275 0078 00000000 		.word	current_time
 276              		.cfi_endproc
ARM GAS  D:\Windows\AppData\Local\Temp\cc88URHn.s 			page 7


 277              	.LFE67:
 278              		.size	time_announce, .-time_announce
 279              		.section	.text.time_get,"ax",%progbits
 280              		.align	2
 281              		.global	time_get
 282              		.thumb
 283              		.thumb_func
 284              		.type	time_get, %function
 285              	time_get:
 286              	.LFB68:
  67:time_manager.c **** 
  68:time_manager.c **** 
  69:time_manager.c **** 
  70:time_manager.c **** /* time_get()
  71:time_manager.c **** 	Takes nothing. Returns the current time with millicounter. */
  72:time_manager.c **** Time time_get(void) {
 287              		.loc 1 72 0
 288              		.cfi_startproc
 289              		@ args = 0, pretend = 0, frame = 24
 290              		@ frame_needed = 1, uses_anonymous_args = 0
 291 0000 90B5     		push	{r4, r7, lr}
 292              		.cfi_def_cfa_offset 12
 293              		.cfi_offset 4, -12
 294              		.cfi_offset 7, -8
 295              		.cfi_offset 14, -4
 296 0002 87B0     		sub	sp, sp, #28
 297              		.cfi_def_cfa_offset 40
 298 0004 00AF     		add	r7, sp, #0
 299              		.cfi_def_cfa_register 7
 300 0006 7861     		str	r0, [r7, #20]
  73:time_manager.c **** 	current_time = time_retreive();
 301              		.loc 1 73 0
 302 0008 094C     		ldr	r4, .L16
 303 000a 3B46     		mov	r3, r7
 304 000c 1846     		mov	r0, r3
 305 000e FFF7FEFF 		bl	time_retreive
 306 0012 3B46     		mov	r3, r7
 307 0014 0FCB     		ldmia	r3, {r0, r1, r2, r3}
 308 0016 84E80F00 		stmia	r4, {r0, r1, r2, r3}
  74:time_manager.c **** 	return current_time;
 309              		.loc 1 74 0
 310 001a 7B69     		ldr	r3, [r7, #20]
 311 001c 044A     		ldr	r2, .L16
 312 001e 1C46     		mov	r4, r3
 313 0020 1346     		mov	r3, r2
 314 0022 0FCB     		ldmia	r3, {r0, r1, r2, r3}
 315 0024 84E80F00 		stmia	r4, {r0, r1, r2, r3}
  75:time_manager.c **** } // time_get()
 316              		.loc 1 75 0
 317 0028 7869     		ldr	r0, [r7, #20]
 318 002a 1C37     		adds	r7, r7, #28
 319              		.cfi_def_cfa_offset 12
 320 002c BD46     		mov	sp, r7
 321              		.cfi_def_cfa_register 13
 322              		@ sp needed
 323 002e 90BD     		pop	{r4, r7, pc}
 324              	.L17:
ARM GAS  D:\Windows\AppData\Local\Temp\cc88URHn.s 			page 8


 325              		.align	2
 326              	.L16:
 327 0030 00000000 		.word	current_time
 328              		.cfi_endproc
 329              	.LFE68:
 330              		.size	time_get, .-time_get
 331              		.section	.text.time_set,"ax",%progbits
 332              		.align	2
 333              		.global	time_set
 334              		.thumb
 335              		.thumb_func
 336              		.type	time_set, %function
 337              	time_set:
 338              	.LFB69:
  76:time_manager.c **** 
  77:time_manager.c **** 
  78:time_manager.c **** void time_set(Time now) {
 339              		.loc 1 78 0
 340              		.cfi_startproc
 341              		@ args = 0, pretend = 0, frame = 24
 342              		@ frame_needed = 1, uses_anonymous_args = 0
 343 0000 90B5     		push	{r4, r7, lr}
 344              		.cfi_def_cfa_offset 12
 345              		.cfi_offset 4, -12
 346              		.cfi_offset 7, -8
 347              		.cfi_offset 14, -4
 348 0002 87B0     		sub	sp, sp, #28
 349              		.cfi_def_cfa_offset 40
 350 0004 00AF     		add	r7, sp, #0
 351              		.cfi_def_cfa_register 7
 352 0006 3C46     		mov	r4, r7
 353 0008 84E80F00 		stmia	r4, {r0, r1, r2, r3}
  79:time_manager.c **** 	// configure RTC
  80:time_manager.c **** 	rtc_i2c_MasterSendStart(RTC_ADDR, 0);   // 0 = send write command, 1 = send read command
 354              		.loc 1 80 0
 355 000c 6820     		movs	r0, #104
 356 000e 0021     		movs	r1, #0
 357 0010 FFF7FEFF 		bl	rtc_i2c_MasterSendStart
  81:time_manager.c **** 	rtc_i2c_MasterWriteByte(RTC_CONFIG);
 358              		.loc 1 81 0
 359 0014 0E20     		movs	r0, #14
 360 0016 FFF7FEFF 		bl	rtc_i2c_MasterWriteByte
  82:time_manager.c **** 	rtc_i2c_MasterWriteByte(0x40); // 1Hz clock
 361              		.loc 1 82 0
 362 001a 4020     		movs	r0, #64
 363 001c FFF7FEFF 		bl	rtc_i2c_MasterWriteByte
  83:time_manager.c **** 	rtc_i2c_MasterSendStop();
 364              		.loc 1 83 0
 365 0020 FFF7FEFF 		bl	rtc_i2c_MasterSendStop
  84:time_manager.c **** 	
  85:time_manager.c **** 	// Set 24 hour time
  86:time_manager.c **** 	uint8_t byte;
  87:time_manager.c **** 
  88:time_manager.c **** 	rtc_i2c_MasterSendStart(RTC_ADDR, 0);
 366              		.loc 1 88 0
 367 0024 6820     		movs	r0, #104
 368 0026 0021     		movs	r1, #0
ARM GAS  D:\Windows\AppData\Local\Temp\cc88URHn.s 			page 9


 369 0028 FFF7FEFF 		bl	rtc_i2c_MasterSendStart
  89:time_manager.c **** 	rtc_i2c_MasterWriteByte(0x00);      // move to top of register file
 370              		.loc 1 89 0
 371 002c 0020     		movs	r0, #0
 372 002e FFF7FEFF 		bl	rtc_i2c_MasterWriteByte
  90:time_manager.c **** 
  91:time_manager.c **** 	byte = now.second % 10;             // seconds
 373              		.loc 1 91 0
 374 0032 3A79     		ldrb	r2, [r7, #4]	@ zero_extendqisi2
 375 0034 574B     		ldr	r3, .L19
 376 0036 A3FB0213 		umull	r1, r3, r3, r2
 377 003a D908     		lsrs	r1, r3, #3
 378 003c 0B46     		mov	r3, r1
 379 003e 9B00     		lsls	r3, r3, #2
 380 0040 0B44     		add	r3, r3, r1
 381 0042 5B00     		lsls	r3, r3, #1
 382 0044 D31A     		subs	r3, r2, r3
 383 0046 FB75     		strb	r3, [r7, #23]
  92:time_manager.c **** 	byte |= (now.second / 10) << 4;     // 10 seconds   0-59
 384              		.loc 1 92 0
 385 0048 3B79     		ldrb	r3, [r7, #4]	@ zero_extendqisi2
 386 004a 524A     		ldr	r2, .L19
 387 004c A2FB0323 		umull	r2, r3, r2, r3
 388 0050 DB08     		lsrs	r3, r3, #3
 389 0052 DBB2     		uxtb	r3, r3
 390 0054 1B01     		lsls	r3, r3, #4
 391 0056 DAB2     		uxtb	r2, r3
 392 0058 FB7D     		ldrb	r3, [r7, #23]	@ zero_extendqisi2
 393 005a 1343     		orrs	r3, r3, r2
 394 005c DBB2     		uxtb	r3, r3
 395 005e FB75     		strb	r3, [r7, #23]
  93:time_manager.c **** 	rtc_i2c_MasterWriteByte(byte);
 396              		.loc 1 93 0
 397 0060 FB7D     		ldrb	r3, [r7, #23]	@ zero_extendqisi2
 398 0062 1846     		mov	r0, r3
 399 0064 FFF7FEFF 		bl	rtc_i2c_MasterWriteByte
  94:time_manager.c **** 
  95:time_manager.c **** 	byte = now.minute % 10;             // minute
 400              		.loc 1 95 0
 401 0068 FA78     		ldrb	r2, [r7, #3]	@ zero_extendqisi2
 402 006a 4A4B     		ldr	r3, .L19
 403 006c A3FB0213 		umull	r1, r3, r3, r2
 404 0070 D908     		lsrs	r1, r3, #3
 405 0072 0B46     		mov	r3, r1
 406 0074 9B00     		lsls	r3, r3, #2
 407 0076 0B44     		add	r3, r3, r1
 408 0078 5B00     		lsls	r3, r3, #1
 409 007a D31A     		subs	r3, r2, r3
 410 007c FB75     		strb	r3, [r7, #23]
  96:time_manager.c **** 	byte |= (now.minute/ 10) << 4;      // 10 minute    0-59
 411              		.loc 1 96 0
 412 007e FB78     		ldrb	r3, [r7, #3]	@ zero_extendqisi2
 413 0080 444A     		ldr	r2, .L19
 414 0082 A2FB0323 		umull	r2, r3, r2, r3
 415 0086 DB08     		lsrs	r3, r3, #3
 416 0088 DBB2     		uxtb	r3, r3
 417 008a 1B01     		lsls	r3, r3, #4
ARM GAS  D:\Windows\AppData\Local\Temp\cc88URHn.s 			page 10


 418 008c DAB2     		uxtb	r2, r3
 419 008e FB7D     		ldrb	r3, [r7, #23]	@ zero_extendqisi2
 420 0090 1343     		orrs	r3, r3, r2
 421 0092 DBB2     		uxtb	r3, r3
 422 0094 FB75     		strb	r3, [r7, #23]
  97:time_manager.c **** 	rtc_i2c_MasterWriteByte(byte);
 423              		.loc 1 97 0
 424 0096 FB7D     		ldrb	r3, [r7, #23]	@ zero_extendqisi2
 425 0098 1846     		mov	r0, r3
 426 009a FFF7FEFF 		bl	rtc_i2c_MasterWriteByte
  98:time_manager.c **** 
  99:time_manager.c **** 	byte = now.hour % 10;               // hour
 427              		.loc 1 99 0
 428 009e BA78     		ldrb	r2, [r7, #2]	@ zero_extendqisi2
 429 00a0 3C4B     		ldr	r3, .L19
 430 00a2 A3FB0213 		umull	r1, r3, r3, r2
 431 00a6 D908     		lsrs	r1, r3, #3
 432 00a8 0B46     		mov	r3, r1
 433 00aa 9B00     		lsls	r3, r3, #2
 434 00ac 0B44     		add	r3, r3, r1
 435 00ae 5B00     		lsls	r3, r3, #1
 436 00b0 D31A     		subs	r3, r2, r3
 437 00b2 FB75     		strb	r3, [r7, #23]
 100:time_manager.c **** 	byte |= (now.hour / 10) << 4;       // 10 hour      0-23, bit4=10hr, bit5=20hr, bit6=set 24hr time
 438              		.loc 1 100 0
 439 00b4 BB78     		ldrb	r3, [r7, #2]	@ zero_extendqisi2
 440 00b6 374A     		ldr	r2, .L19
 441 00b8 A2FB0323 		umull	r2, r3, r2, r3
 442 00bc DB08     		lsrs	r3, r3, #3
 443 00be DBB2     		uxtb	r3, r3
 444 00c0 1B01     		lsls	r3, r3, #4
 445 00c2 DAB2     		uxtb	r2, r3
 446 00c4 FB7D     		ldrb	r3, [r7, #23]	@ zero_extendqisi2
 447 00c6 1343     		orrs	r3, r3, r2
 448 00c8 DBB2     		uxtb	r3, r3
 449 00ca FB75     		strb	r3, [r7, #23]
 101:time_manager.c **** 	rtc_i2c_MasterWriteByte(0x00 | byte);		//set bit6 low = 24hr time
 450              		.loc 1 101 0
 451 00cc FB7D     		ldrb	r3, [r7, #23]	@ zero_extendqisi2
 452 00ce 1846     		mov	r0, r3
 453 00d0 FFF7FEFF 		bl	rtc_i2c_MasterWriteByte
 102:time_manager.c **** 	rtc_i2c_MasterSendStop(); // End Receiving
 454              		.loc 1 102 0
 455 00d4 FFF7FEFF 		bl	rtc_i2c_MasterSendStop
 103:time_manager.c **** 
 104:time_manager.c **** 	// skip day
 105:time_manager.c **** 
 106:time_manager.c **** 	rtc_i2c_MasterSendStart(RTC_ADDR, 0);
 456              		.loc 1 106 0
 457 00d8 6820     		movs	r0, #104
 458 00da 0021     		movs	r1, #0
 459 00dc FFF7FEFF 		bl	rtc_i2c_MasterSendStart
 107:time_manager.c **** 	rtc_i2c_MasterWriteByte(RTC_DATE);  // move to Date
 460              		.loc 1 107 0
 461 00e0 0420     		movs	r0, #4
 462 00e2 FFF7FEFF 		bl	rtc_i2c_MasterWriteByte
 108:time_manager.c **** 
ARM GAS  D:\Windows\AppData\Local\Temp\cc88URHn.s 			page 11


 109:time_manager.c **** 	byte = now.day % 10;                // day
 463              		.loc 1 109 0
 464 00e6 7A78     		ldrb	r2, [r7, #1]	@ zero_extendqisi2
 465 00e8 2A4B     		ldr	r3, .L19
 466 00ea A3FB0213 		umull	r1, r3, r3, r2
 467 00ee D908     		lsrs	r1, r3, #3
 468 00f0 0B46     		mov	r3, r1
 469 00f2 9B00     		lsls	r3, r3, #2
 470 00f4 0B44     		add	r3, r3, r1
 471 00f6 5B00     		lsls	r3, r3, #1
 472 00f8 D31A     		subs	r3, r2, r3
 473 00fa FB75     		strb	r3, [r7, #23]
 110:time_manager.c **** 	byte |= (now.day / 10) << 4;        // 10 day       0-31
 474              		.loc 1 110 0
 475 00fc 7B78     		ldrb	r3, [r7, #1]	@ zero_extendqisi2
 476 00fe 254A     		ldr	r2, .L19
 477 0100 A2FB0323 		umull	r2, r3, r2, r3
 478 0104 DB08     		lsrs	r3, r3, #3
 479 0106 DBB2     		uxtb	r3, r3
 480 0108 1B01     		lsls	r3, r3, #4
 481 010a DAB2     		uxtb	r2, r3
 482 010c FB7D     		ldrb	r3, [r7, #23]	@ zero_extendqisi2
 483 010e 1343     		orrs	r3, r3, r2
 484 0110 DBB2     		uxtb	r3, r3
 485 0112 FB75     		strb	r3, [r7, #23]
 111:time_manager.c **** 	rtc_i2c_MasterWriteByte(byte);
 486              		.loc 1 111 0
 487 0114 FB7D     		ldrb	r3, [r7, #23]	@ zero_extendqisi2
 488 0116 1846     		mov	r0, r3
 489 0118 FFF7FEFF 		bl	rtc_i2c_MasterWriteByte
 112:time_manager.c **** 
 113:time_manager.c **** 	byte = now.month % 10;              // month
 490              		.loc 1 113 0
 491 011c 3A78     		ldrb	r2, [r7]	@ zero_extendqisi2
 492 011e 1D4B     		ldr	r3, .L19
 493 0120 A3FB0213 		umull	r1, r3, r3, r2
 494 0124 D908     		lsrs	r1, r3, #3
 495 0126 0B46     		mov	r3, r1
 496 0128 9B00     		lsls	r3, r3, #2
 497 012a 0B44     		add	r3, r3, r1
 498 012c 5B00     		lsls	r3, r3, #1
 499 012e D31A     		subs	r3, r2, r3
 500 0130 FB75     		strb	r3, [r7, #23]
 114:time_manager.c **** 	byte |= (now.month / 10) << 4;      // 10 month     1-12
 501              		.loc 1 114 0
 502 0132 3B78     		ldrb	r3, [r7]	@ zero_extendqisi2
 503 0134 174A     		ldr	r2, .L19
 504 0136 A2FB0323 		umull	r2, r3, r2, r3
 505 013a DB08     		lsrs	r3, r3, #3
 506 013c DBB2     		uxtb	r3, r3
 507 013e 1B01     		lsls	r3, r3, #4
 508 0140 DAB2     		uxtb	r2, r3
 509 0142 FB7D     		ldrb	r3, [r7, #23]	@ zero_extendqisi2
 510 0144 1343     		orrs	r3, r3, r2
 511 0146 DBB2     		uxtb	r3, r3
 512 0148 FB75     		strb	r3, [r7, #23]
 115:time_manager.c **** 	rtc_i2c_MasterWriteByte(byte);
ARM GAS  D:\Windows\AppData\Local\Temp\cc88URHn.s 			page 12


 513              		.loc 1 115 0
 514 014a FB7D     		ldrb	r3, [r7, #23]	@ zero_extendqisi2
 515 014c 1846     		mov	r0, r3
 516 014e FFF7FEFF 		bl	rtc_i2c_MasterWriteByte
 116:time_manager.c **** 
 117:time_manager.c **** 	byte = now.year % 10;               // year
 517              		.loc 1 117 0
 518 0152 BA89     		ldrh	r2, [r7, #12]
 519 0154 0F4B     		ldr	r3, .L19
 520 0156 A3FB0213 		umull	r1, r3, r3, r2
 521 015a D908     		lsrs	r1, r3, #3
 522 015c 0B46     		mov	r3, r1
 523 015e 9B00     		lsls	r3, r3, #2
 524 0160 0B44     		add	r3, r3, r1
 525 0162 5B00     		lsls	r3, r3, #1
 526 0164 D31A     		subs	r3, r2, r3
 527 0166 9BB2     		uxth	r3, r3
 528 0168 FB75     		strb	r3, [r7, #23]
 118:time_manager.c **** 	byte |= (now.year / 10) << 4;       // 10 year      0-99
 529              		.loc 1 118 0
 530 016a BB89     		ldrh	r3, [r7, #12]
 531 016c 094A     		ldr	r2, .L19
 532 016e A2FB0323 		umull	r2, r3, r2, r3
 533 0172 DB08     		lsrs	r3, r3, #3
 534 0174 9BB2     		uxth	r3, r3
 535 0176 1B01     		lsls	r3, r3, #4
 536 0178 DAB2     		uxtb	r2, r3
 537 017a FB7D     		ldrb	r3, [r7, #23]	@ zero_extendqisi2
 538 017c 1343     		orrs	r3, r3, r2
 539 017e DBB2     		uxtb	r3, r3
 540 0180 FB75     		strb	r3, [r7, #23]
 119:time_manager.c **** 	rtc_i2c_MasterWriteByte(byte);
 541              		.loc 1 119 0
 542 0182 FB7D     		ldrb	r3, [r7, #23]	@ zero_extendqisi2
 543 0184 1846     		mov	r0, r3
 544 0186 FFF7FEFF 		bl	rtc_i2c_MasterWriteByte
 120:time_manager.c **** 
 121:time_manager.c **** 	rtc_i2c_MasterSendStop(); // End Receiving
 545              		.loc 1 121 0
 546 018a FFF7FEFF 		bl	rtc_i2c_MasterSendStop
 122:time_manager.c **** } // time_set()
 547              		.loc 1 122 0
 548 018e 1C37     		adds	r7, r7, #28
 549              		.cfi_def_cfa_offset 12
 550 0190 BD46     		mov	sp, r7
 551              		.cfi_def_cfa_register 13
 552              		@ sp needed
 553 0192 90BD     		pop	{r4, r7, pc}
 554              	.L20:
 555              		.align	2
 556              	.L19:
 557 0194 CDCCCCCC 		.word	-858993459
 558              		.cfi_endproc
 559              	.LFE69:
 560              		.size	time_set, .-time_set
 561              		.section	.text.time_retreive,"ax",%progbits
 562              		.align	2
ARM GAS  D:\Windows\AppData\Local\Temp\cc88URHn.s 			page 13


 563              		.global	time_retreive
 564              		.thumb
 565              		.thumb_func
 566              		.type	time_retreive, %function
 567              	time_retreive:
 568              	.LFB70:
 123:time_manager.c **** 
 124:time_manager.c **** 
 125:time_manager.c **** 
 126:time_manager.c **** /* time_retreive()
 127:time_manager.c **** 	Takes nothing. Returns the current time.
 128:time_manager.c **** 
 129:time_manager.c **** 	Communicates with an external RTC with i2c to obtain the current time.
 130:time_manager.c **** 	Sets the register pointer in the RTC to 0 and then reads the data sequencially
 131:time_manager.c **** 	from the register. The RTC auto-increments after reading each byte. Converts
 132:time_manager.c **** 	the binary encoded decimal to simple binary representation. Reads the
 133:time_manager.c **** 	millisecond counter into the current time.
 134:time_manager.c **** 
 135:time_manager.c **** 	RTC PART: MAXIM DS3231
 136:time_manager.c **** */
 137:time_manager.c **** Time time_retreive(void) {
 569              		.loc 1 137 0
 570              		.cfi_startproc
 571              		@ args = 0, pretend = 0, frame = 32
 572              		@ frame_needed = 1, uses_anonymous_args = 0
 573 0000 90B5     		push	{r4, r7, lr}
 574              		.cfi_def_cfa_offset 12
 575              		.cfi_offset 4, -12
 576              		.cfi_offset 7, -8
 577              		.cfi_offset 14, -4
 578 0002 89B0     		sub	sp, sp, #36
 579              		.cfi_def_cfa_offset 48
 580 0004 00AF     		add	r7, sp, #0
 581              		.cfi_def_cfa_register 7
 582 0006 7860     		str	r0, [r7, #4]
 138:time_manager.c **** 	Time tmp_time;
 139:time_manager.c **** 	uint8_t byte;
 140:time_manager.c **** 
 141:time_manager.c **** 	// Set register pointer to 0
 142:time_manager.c **** 	rtc_i2c_MasterSendStart(RTC_ADDR, 0);
 583              		.loc 1 142 0
 584 0008 6820     		movs	r0, #104
 585 000a 0021     		movs	r1, #0
 586 000c FFF7FEFF 		bl	rtc_i2c_MasterSendStart
 143:time_manager.c **** 	rtc_i2c_MasterWriteByte(0x00);
 587              		.loc 1 143 0
 588 0010 0020     		movs	r0, #0
 589 0012 FFF7FEFF 		bl	rtc_i2c_MasterWriteByte
 144:time_manager.c **** 	rtc_i2c_MasterSendStop();
 590              		.loc 1 144 0
 591 0016 FFF7FEFF 		bl	rtc_i2c_MasterSendStop
 145:time_manager.c **** 	
 146:time_manager.c **** 	// Read data from registers
 147:time_manager.c **** 	rtc_i2c_MasterSendStart(RTC_ADDR, 1); // Begin receiving
 592              		.loc 1 147 0
 593 001a 6820     		movs	r0, #104
 594 001c 0121     		movs	r1, #1
ARM GAS  D:\Windows\AppData\Local\Temp\cc88URHn.s 			page 14


 595 001e FFF7FEFF 		bl	rtc_i2c_MasterSendStart
 148:time_manager.c **** 
 149:time_manager.c **** 	byte = rtc_i2c_MasterReadByte(1);
 596              		.loc 1 149 0
 597 0022 0120     		movs	r0, #1
 598 0024 FFF7FEFF 		bl	rtc_i2c_MasterReadByte
 599 0028 0346     		mov	r3, r0
 600 002a FB77     		strb	r3, [r7, #31]
 150:time_manager.c **** 	tmp_time.second = byte & 0x0F; // seconds
 601              		.loc 1 150 0
 602 002c FB7F     		ldrb	r3, [r7, #31]
 603 002e 03F00F03 		and	r3, r3, #15
 604 0032 DBB2     		uxtb	r3, r3
 605 0034 3B74     		strb	r3, [r7, #16]
 151:time_manager.c **** 	tmp_time.second += 10 * (byte >> 4); // 10 seconds
 606              		.loc 1 151 0
 607 0036 3A7C     		ldrb	r2, [r7, #16]	@ zero_extendqisi2
 608 0038 FB7F     		ldrb	r3, [r7, #31]	@ zero_extendqisi2
 609 003a 1B09     		lsrs	r3, r3, #4
 610 003c DBB2     		uxtb	r3, r3
 611 003e 1946     		mov	r1, r3
 612 0040 8900     		lsls	r1, r1, #2
 613 0042 0B44     		add	r3, r3, r1
 614 0044 5B00     		lsls	r3, r3, #1
 615 0046 DBB2     		uxtb	r3, r3
 616 0048 1344     		add	r3, r3, r2
 617 004a DBB2     		uxtb	r3, r3
 618 004c 3B74     		strb	r3, [r7, #16]
 152:time_manager.c **** 
 153:time_manager.c **** 	byte = rtc_i2c_MasterReadByte(1);
 619              		.loc 1 153 0
 620 004e 0120     		movs	r0, #1
 621 0050 FFF7FEFF 		bl	rtc_i2c_MasterReadByte
 622 0054 0346     		mov	r3, r0
 623 0056 FB77     		strb	r3, [r7, #31]
 154:time_manager.c **** 	tmp_time.minute = byte & 0x0F; // minutes
 624              		.loc 1 154 0
 625 0058 FB7F     		ldrb	r3, [r7, #31]
 626 005a 03F00F03 		and	r3, r3, #15
 627 005e DBB2     		uxtb	r3, r3
 628 0060 FB73     		strb	r3, [r7, #15]
 155:time_manager.c **** 	tmp_time.minute += 10 * (byte >> 4); // 10 seconds
 629              		.loc 1 155 0
 630 0062 FA7B     		ldrb	r2, [r7, #15]	@ zero_extendqisi2
 631 0064 FB7F     		ldrb	r3, [r7, #31]	@ zero_extendqisi2
 632 0066 1B09     		lsrs	r3, r3, #4
 633 0068 DBB2     		uxtb	r3, r3
 634 006a 1946     		mov	r1, r3
 635 006c 8900     		lsls	r1, r1, #2
 636 006e 0B44     		add	r3, r3, r1
 637 0070 5B00     		lsls	r3, r3, #1
 638 0072 DBB2     		uxtb	r3, r3
 639 0074 1344     		add	r3, r3, r2
 640 0076 DBB2     		uxtb	r3, r3
 641 0078 FB73     		strb	r3, [r7, #15]
 156:time_manager.c **** 
 157:time_manager.c **** 	byte = rtc_i2c_MasterReadByte(1);
ARM GAS  D:\Windows\AppData\Local\Temp\cc88URHn.s 			page 15


 642              		.loc 1 157 0
 643 007a 0120     		movs	r0, #1
 644 007c FFF7FEFF 		bl	rtc_i2c_MasterReadByte
 645 0080 0346     		mov	r3, r0
 646 0082 FB77     		strb	r3, [r7, #31]
 158:time_manager.c **** 	tmp_time.hour = byte & 0x0F; // hours 
 647              		.loc 1 158 0
 648 0084 FB7F     		ldrb	r3, [r7, #31]
 649 0086 03F00F03 		and	r3, r3, #15
 650 008a DBB2     		uxtb	r3, r3
 651 008c BB73     		strb	r3, [r7, #14]
 159:time_manager.c **** 	tmp_time.hour += 10 * ((byte&0x3F) >> 4); // 10 hours
 652              		.loc 1 159 0
 653 008e BA7B     		ldrb	r2, [r7, #14]	@ zero_extendqisi2
 654 0090 FB7F     		ldrb	r3, [r7, #31]	@ zero_extendqisi2
 655 0092 03F03F03 		and	r3, r3, #63
 656 0096 1B11     		asrs	r3, r3, #4
 657 0098 DBB2     		uxtb	r3, r3
 658 009a 1946     		mov	r1, r3
 659 009c 8900     		lsls	r1, r1, #2
 660 009e 0B44     		add	r3, r3, r1
 661 00a0 5B00     		lsls	r3, r3, #1
 662 00a2 DBB2     		uxtb	r3, r3
 663 00a4 1344     		add	r3, r3, r2
 664 00a6 DBB2     		uxtb	r3, r3
 665 00a8 BB73     		strb	r3, [r7, #14]
 160:time_manager.c **** 
 161:time_manager.c **** 	byte = rtc_i2c_MasterReadByte(1); // skip day
 666              		.loc 1 161 0
 667 00aa 0120     		movs	r0, #1
 668 00ac FFF7FEFF 		bl	rtc_i2c_MasterReadByte
 669 00b0 0346     		mov	r3, r0
 670 00b2 FB77     		strb	r3, [r7, #31]
 162:time_manager.c **** 
 163:time_manager.c **** 	byte = rtc_i2c_MasterReadByte(1);
 671              		.loc 1 163 0
 672 00b4 0120     		movs	r0, #1
 673 00b6 FFF7FEFF 		bl	rtc_i2c_MasterReadByte
 674 00ba 0346     		mov	r3, r0
 675 00bc FB77     		strb	r3, [r7, #31]
 164:time_manager.c **** 	tmp_time.day = byte & 0x0F; // date
 676              		.loc 1 164 0
 677 00be FB7F     		ldrb	r3, [r7, #31]
 678 00c0 03F00F03 		and	r3, r3, #15
 679 00c4 DBB2     		uxtb	r3, r3
 680 00c6 7B73     		strb	r3, [r7, #13]
 165:time_manager.c **** 	tmp_time.day += 10 * (byte >> 4); // 10 date
 681              		.loc 1 165 0
 682 00c8 7A7B     		ldrb	r2, [r7, #13]	@ zero_extendqisi2
 683 00ca FB7F     		ldrb	r3, [r7, #31]	@ zero_extendqisi2
 684 00cc 1B09     		lsrs	r3, r3, #4
 685 00ce DBB2     		uxtb	r3, r3
 686 00d0 1946     		mov	r1, r3
 687 00d2 8900     		lsls	r1, r1, #2
 688 00d4 0B44     		add	r3, r3, r1
 689 00d6 5B00     		lsls	r3, r3, #1
 690 00d8 DBB2     		uxtb	r3, r3
ARM GAS  D:\Windows\AppData\Local\Temp\cc88URHn.s 			page 16


 691 00da 1344     		add	r3, r3, r2
 692 00dc DBB2     		uxtb	r3, r3
 693 00de 7B73     		strb	r3, [r7, #13]
 166:time_manager.c **** 
 167:time_manager.c **** 	byte = rtc_i2c_MasterReadByte(1);
 694              		.loc 1 167 0
 695 00e0 0120     		movs	r0, #1
 696 00e2 FFF7FEFF 		bl	rtc_i2c_MasterReadByte
 697 00e6 0346     		mov	r3, r0
 698 00e8 FB77     		strb	r3, [r7, #31]
 168:time_manager.c **** 	tmp_time.month = byte & 0x0F; // Month/Century 
 699              		.loc 1 168 0
 700 00ea FB7F     		ldrb	r3, [r7, #31]
 701 00ec 03F00F03 		and	r3, r3, #15
 702 00f0 DBB2     		uxtb	r3, r3
 703 00f2 3B73     		strb	r3, [r7, #12]
 169:time_manager.c **** 	tmp_time.month += 10 * ((byte & 0x01) >> 4); // 10 Month
 704              		.loc 1 169 0
 705 00f4 3B7B     		ldrb	r3, [r7, #12]	@ zero_extendqisi2
 706 00f6 3B73     		strb	r3, [r7, #12]
 170:time_manager.c **** 
 171:time_manager.c **** 	byte = rtc_i2c_MasterReadByte(0);
 707              		.loc 1 171 0
 708 00f8 0020     		movs	r0, #0
 709 00fa FFF7FEFF 		bl	rtc_i2c_MasterReadByte
 710 00fe 0346     		mov	r3, r0
 711 0100 FB77     		strb	r3, [r7, #31]
 172:time_manager.c **** 	rtc_i2c_MasterSendStop(); // End Receiving
 712              		.loc 1 172 0
 713 0102 FFF7FEFF 		bl	rtc_i2c_MasterSendStop
 173:time_manager.c **** 	tmp_time.year = byte & 0x0F; // Year
 714              		.loc 1 173 0
 715 0106 FB7F     		ldrb	r3, [r7, #31]	@ zero_extendqisi2
 716 0108 9BB2     		uxth	r3, r3
 717 010a 03F00F03 		and	r3, r3, #15
 718 010e 9BB2     		uxth	r3, r3
 719 0110 3B83     		strh	r3, [r7, #24]	@ movhi
 174:time_manager.c **** 	tmp_time.year += 10 * (byte >> 4); // 10 Years
 720              		.loc 1 174 0
 721 0112 3A8B     		ldrh	r2, [r7, #24]
 722 0114 FB7F     		ldrb	r3, [r7, #31]	@ zero_extendqisi2
 723 0116 1B09     		lsrs	r3, r3, #4
 724 0118 DBB2     		uxtb	r3, r3
 725 011a 9BB2     		uxth	r3, r3
 726 011c 1946     		mov	r1, r3	@ movhi
 727 011e 8900     		lsls	r1, r1, #2
 728 0120 0B44     		add	r3, r3, r1
 729 0122 5B00     		lsls	r3, r3, #1
 730 0124 9BB2     		uxth	r3, r3
 731 0126 1344     		add	r3, r3, r2
 732 0128 9BB2     		uxth	r3, r3
 733 012a 3B83     		strh	r3, [r7, #24]	@ movhi
 175:time_manager.c ****     tmp_time.year += 0x7D0;     // add year 2000;
 734              		.loc 1 175 0
 735 012c 3B8B     		ldrh	r3, [r7, #24]
 736 012e 03F5FA63 		add	r3, r3, #2000
 737 0132 9BB2     		uxth	r3, r3
ARM GAS  D:\Windows\AppData\Local\Temp\cc88URHn.s 			page 17


 738 0134 3B83     		strh	r3, [r7, #24]	@ movhi
 176:time_manager.c **** 
 177:time_manager.c ****     tmp_time.millicounter = millis_timer_ReadCounter();
 739              		.loc 1 177 0
 740 0136 FFF7FEFF 		bl	millis_timer_ReadCounter
 741 013a 0346     		mov	r3, r0
 742 013c 7B61     		str	r3, [r7, #20]
 178:time_manager.c **** 
 179:time_manager.c **** 	return tmp_time; 
 743              		.loc 1 179 0
 744 013e 7B68     		ldr	r3, [r7, #4]
 745 0140 1C46     		mov	r4, r3
 746 0142 07F10C03 		add	r3, r7, #12
 747 0146 0FCB     		ldmia	r3, {r0, r1, r2, r3}
 748 0148 84E80F00 		stmia	r4, {r0, r1, r2, r3}
 180:time_manager.c **** } // time_retreive()
 749              		.loc 1 180 0
 750 014c 7868     		ldr	r0, [r7, #4]
 751 014e 2437     		adds	r7, r7, #36
 752              		.cfi_def_cfa_offset 12
 753 0150 BD46     		mov	sp, r7
 754              		.cfi_def_cfa_register 13
 755              		@ sp needed
 756 0152 90BD     		pop	{r4, r7, pc}
 757              		.cfi_endproc
 758              	.LFE70:
 759              		.size	time_retreive, .-time_retreive
 760              		.text
 761              	.Letext0:
 762              		.file 2 "d:\\programming\\cypress\\psoc creator\\4.0\\psoc creator\\import\\gnu\\arm\\4.9.3\\arm-n
 763              		.file 3 "d:\\programming\\cypress\\psoc creator\\4.0\\psoc creator\\import\\gnu\\arm\\4.9.3\\arm-n
 764              		.file 4 "data.h"
 765              		.file 5 "time_manager.h"
 766              		.file 6 "Generated_Source\\PSoC5/core_cm3.h"
 767              		.section	.debug_info,"",%progbits
 768              	.Ldebug_info0:
 769 0000 B1020000 		.4byte	0x2b1
 770 0004 0400     		.2byte	0x4
 771 0006 00000000 		.4byte	.Ldebug_abbrev0
 772 000a 04       		.byte	0x4
 773 000b 01       		.uleb128 0x1
 774 000c EC010000 		.4byte	.LASF40
 775 0010 01       		.byte	0x1
 776 0011 AB010000 		.4byte	.LASF41
 777 0015 48000000 		.4byte	.LASF42
 778 0019 00000000 		.4byte	.Ldebug_ranges0+0
 779 001d 00000000 		.4byte	0
 780 0021 00000000 		.4byte	.Ldebug_line0
 781 0025 02       		.uleb128 0x2
 782 0026 01       		.byte	0x1
 783 0027 06       		.byte	0x6
 784 0028 9A020000 		.4byte	.LASF0
 785 002c 03       		.uleb128 0x3
 786 002d 09000000 		.4byte	.LASF3
 787 0031 02       		.byte	0x2
 788 0032 1D       		.byte	0x1d
 789 0033 37000000 		.4byte	0x37
ARM GAS  D:\Windows\AppData\Local\Temp\cc88URHn.s 			page 18


 790 0037 02       		.uleb128 0x2
 791 0038 01       		.byte	0x1
 792 0039 08       		.byte	0x8
 793 003a C8000000 		.4byte	.LASF1
 794 003e 02       		.uleb128 0x2
 795 003f 02       		.byte	0x2
 796 0040 05       		.byte	0x5
 797 0041 58010000 		.4byte	.LASF2
 798 0045 03       		.uleb128 0x3
 799 0046 3D010000 		.4byte	.LASF4
 800 004a 02       		.byte	0x2
 801 004b 2B       		.byte	0x2b
 802 004c 50000000 		.4byte	0x50
 803 0050 02       		.uleb128 0x2
 804 0051 02       		.byte	0x2
 805 0052 07       		.byte	0x7
 806 0053 FD000000 		.4byte	.LASF5
 807 0057 03       		.uleb128 0x3
 808 0058 20000000 		.4byte	.LASF6
 809 005c 02       		.byte	0x2
 810 005d 3F       		.byte	0x3f
 811 005e 62000000 		.4byte	0x62
 812 0062 02       		.uleb128 0x2
 813 0063 04       		.byte	0x4
 814 0064 05       		.byte	0x5
 815 0065 91020000 		.4byte	.LASF7
 816 0069 03       		.uleb128 0x3
 817 006a D6000000 		.4byte	.LASF8
 818 006e 02       		.byte	0x2
 819 006f 41       		.byte	0x41
 820 0070 74000000 		.4byte	0x74
 821 0074 02       		.uleb128 0x2
 822 0075 04       		.byte	0x4
 823 0076 07       		.byte	0x7
 824 0077 EB000000 		.4byte	.LASF9
 825 007b 02       		.uleb128 0x2
 826 007c 08       		.byte	0x8
 827 007d 05       		.byte	0x5
 828 007e CB010000 		.4byte	.LASF10
 829 0082 02       		.uleb128 0x2
 830 0083 08       		.byte	0x8
 831 0084 07       		.byte	0x7
 832 0085 87010000 		.4byte	.LASF11
 833 0089 04       		.uleb128 0x4
 834 008a 04       		.byte	0x4
 835 008b 05       		.byte	0x5
 836 008c 696E7400 		.ascii	"int\000"
 837 0090 02       		.uleb128 0x2
 838 0091 04       		.byte	0x4
 839 0092 07       		.byte	0x7
 840 0093 6F010000 		.4byte	.LASF12
 841 0097 03       		.uleb128 0x3
 842 0098 9E010000 		.4byte	.LASF13
 843 009c 03       		.byte	0x3
 844 009d 15       		.byte	0x15
 845 009e 2C000000 		.4byte	0x2c
 846 00a2 03       		.uleb128 0x3
ARM GAS  D:\Windows\AppData\Local\Temp\cc88URHn.s 			page 19


 847 00a3 7F020000 		.4byte	.LASF14
 848 00a7 03       		.byte	0x3
 849 00a8 21       		.byte	0x21
 850 00a9 45000000 		.4byte	0x45
 851 00ad 03       		.uleb128 0x3
 852 00ae BA010000 		.4byte	.LASF15
 853 00b2 03       		.byte	0x3
 854 00b3 2C       		.byte	0x2c
 855 00b4 57000000 		.4byte	0x57
 856 00b8 03       		.uleb128 0x3
 857 00b9 88020000 		.4byte	.LASF16
 858 00bd 03       		.byte	0x3
 859 00be 2D       		.byte	0x2d
 860 00bf 69000000 		.4byte	0x69
 861 00c3 02       		.uleb128 0x2
 862 00c4 04       		.byte	0x4
 863 00c5 04       		.byte	0x4
 864 00c6 B4000000 		.4byte	.LASF17
 865 00ca 02       		.uleb128 0x2
 866 00cb 08       		.byte	0x8
 867 00cc 04       		.byte	0x4
 868 00cd 48010000 		.4byte	.LASF18
 869 00d1 02       		.uleb128 0x2
 870 00d2 01       		.byte	0x1
 871 00d3 08       		.byte	0x8
 872 00d4 E7010000 		.4byte	.LASF19
 873 00d8 02       		.uleb128 0x2
 874 00d9 04       		.byte	0x4
 875 00da 07       		.byte	0x7
 876 00db C2010000 		.4byte	.LASF20
 877 00df 05       		.uleb128 0x5
 878 00e0 10       		.byte	0x10
 879 00e1 04       		.byte	0x4
 880 00e2 0A       		.byte	0xa
 881 00e3 17010000 		.4byte	0x117
 882 00e7 06       		.uleb128 0x6
 883 00e8 94000000 		.4byte	.LASF21
 884 00ec 04       		.byte	0x4
 885 00ed 0B       		.byte	0xb
 886 00ee B8000000 		.4byte	0xb8
 887 00f2 00       		.byte	0
 888 00f3 07       		.uleb128 0x7
 889 00f4 696400   		.ascii	"id\000"
 890 00f7 04       		.byte	0x4
 891 00f8 0C       		.byte	0xc
 892 00f9 A2000000 		.4byte	0xa2
 893 00fd 04       		.byte	0x4
 894 00fe 06       		.uleb128 0x6
 895 00ff A6020000 		.4byte	.LASF22
 896 0103 04       		.byte	0x4
 897 0104 0D       		.byte	0xd
 898 0105 97000000 		.4byte	0x97
 899 0109 06       		.byte	0x6
 900 010a 06       		.uleb128 0x6
 901 010b BA000000 		.4byte	.LASF23
 902 010f 04       		.byte	0x4
 903 0110 0E       		.byte	0xe
ARM GAS  D:\Windows\AppData\Local\Temp\cc88URHn.s 			page 20


 904 0111 17010000 		.4byte	0x117
 905 0115 07       		.byte	0x7
 906 0116 00       		.byte	0
 907 0117 08       		.uleb128 0x8
 908 0118 97000000 		.4byte	0x97
 909 011c 27010000 		.4byte	0x127
 910 0120 09       		.uleb128 0x9
 911 0121 D8000000 		.4byte	0xd8
 912 0125 07       		.byte	0x7
 913 0126 00       		.byte	0
 914 0127 03       		.uleb128 0x3
 915 0128 7C010000 		.4byte	.LASF24
 916 012c 04       		.byte	0x4
 917 012d 0F       		.byte	0xf
 918 012e DF000000 		.4byte	0xdf
 919 0132 05       		.uleb128 0x5
 920 0133 10       		.byte	0x10
 921 0134 05       		.byte	0x5
 922 0135 12       		.byte	0x12
 923 0136 8F010000 		.4byte	0x18f
 924 013a 06       		.uleb128 0x6
 925 013b 8E000000 		.4byte	.LASF25
 926 013f 05       		.byte	0x5
 927 0140 13       		.byte	0x13
 928 0141 97000000 		.4byte	0x97
 929 0145 00       		.byte	0
 930 0146 07       		.uleb128 0x7
 931 0147 64617900 		.ascii	"day\000"
 932 014b 05       		.byte	0x5
 933 014c 13       		.byte	0x13
 934 014d 97000000 		.4byte	0x97
 935 0151 01       		.byte	0x1
 936 0152 06       		.uleb128 0x6
 937 0153 A6010000 		.4byte	.LASF26
 938 0157 05       		.byte	0x5
 939 0158 13       		.byte	0x13
 940 0159 97000000 		.4byte	0x97
 941 015d 02       		.byte	0x2
 942 015e 06       		.uleb128 0x6
 943 015f 2A000000 		.4byte	.LASF27
 944 0163 05       		.byte	0x5
 945 0164 13       		.byte	0x13
 946 0165 97000000 		.4byte	0x97
 947 0169 03       		.byte	0x3
 948 016a 06       		.uleb128 0x6
 949 016b 31010000 		.4byte	.LASF28
 950 016f 05       		.byte	0x5
 951 0170 13       		.byte	0x13
 952 0171 97000000 		.4byte	0x97
 953 0175 04       		.byte	0x4
 954 0176 06       		.uleb128 0x6
 955 0177 94000000 		.4byte	.LASF21
 956 017b 05       		.byte	0x5
 957 017c 14       		.byte	0x14
 958 017d B8000000 		.4byte	0xb8
 959 0181 08       		.byte	0x8
 960 0182 06       		.uleb128 0x6
ARM GAS  D:\Windows\AppData\Local\Temp\cc88URHn.s 			page 21


 961 0183 38010000 		.4byte	.LASF29
 962 0187 05       		.byte	0x5
 963 0188 15       		.byte	0x15
 964 0189 A2000000 		.4byte	0xa2
 965 018d 0C       		.byte	0xc
 966 018e 00       		.byte	0
 967 018f 03       		.uleb128 0x3
 968 0190 AD020000 		.4byte	.LASF30
 969 0194 05       		.byte	0x5
 970 0195 16       		.byte	0x16
 971 0196 32010000 		.4byte	0x132
 972 019a 0A       		.uleb128 0xa
 973 019b 10010000 		.4byte	.LASF31
 974 019f 01       		.byte	0x1
 975 01a0 0B       		.byte	0xb
 976 01a1 00000000 		.4byte	.LFB63
 977 01a5 28000000 		.4byte	.LFE63-.LFB63
 978 01a9 01       		.uleb128 0x1
 979 01aa 9C       		.byte	0x9c
 980 01ab 0A       		.uleb128 0xa
 981 01ac A1000000 		.4byte	.LASF32
 982 01b0 01       		.byte	0x1
 983 01b1 10       		.byte	0x10
 984 01b2 00000000 		.4byte	.LFB64
 985 01b6 0A000000 		.4byte	.LFE64-.LFB64
 986 01ba 01       		.uleb128 0x1
 987 01bb 9C       		.byte	0x9c
 988 01bc 0A       		.uleb128 0xa
 989 01bd E1000000 		.4byte	.LASF33
 990 01c1 01       		.byte	0x1
 991 01c2 1A       		.byte	0x1a
 992 01c3 00000000 		.4byte	.LFB65
 993 01c7 3C000000 		.4byte	.LFE65-.LFB65
 994 01cb 01       		.uleb128 0x1
 995 01cc 9C       		.byte	0x9c
 996 01cd 0B       		.uleb128 0xb
 997 01ce 4F010000 		.4byte	.LASF43
 998 01d2 01       		.byte	0x1
 999 01d3 25       		.byte	0x25
 1000 01d4 00000000 		.4byte	.LFB66
 1001 01d8 1C000000 		.4byte	.LFE66-.LFB66
 1002 01dc 01       		.uleb128 0x1
 1003 01dd 9C       		.byte	0x9c
 1004 01de 0C       		.uleb128 0xc
 1005 01df 3A000000 		.4byte	.LASF44
 1006 01e3 01       		.byte	0x1
 1007 01e4 2F       		.byte	0x2f
 1008 01e5 00000000 		.4byte	.LFB67
 1009 01e9 7C000000 		.4byte	.LFE67-.LFB67
 1010 01ed 01       		.uleb128 0x1
 1011 01ee 9C       		.byte	0x9c
 1012 01ef 10020000 		.4byte	0x210
 1013 01f3 0D       		.uleb128 0xd
 1014 01f4 BF000000 		.4byte	.LASF34
 1015 01f8 01       		.byte	0x1
 1016 01f9 30       		.byte	0x30
 1017 01fa 27010000 		.4byte	0x127
ARM GAS  D:\Windows\AppData\Local\Temp\cc88URHn.s 			page 22


 1018 01fe 02       		.uleb128 0x2
 1019 01ff 91       		.byte	0x91
 1020 0200 64       		.sleb128 -28
 1021 0201 0D       		.uleb128 0xd
 1022 0202 62010000 		.4byte	.LASF35
 1023 0206 01       		.byte	0x1
 1024 0207 33       		.byte	0x33
 1025 0208 97000000 		.4byte	0x97
 1026 020c 02       		.uleb128 0x2
 1027 020d 91       		.byte	0x91
 1028 020e 77       		.sleb128 -9
 1029 020f 00       		.byte	0
 1030 0210 0E       		.uleb128 0xe
 1031 0211 00000000 		.4byte	.LASF45
 1032 0215 01       		.byte	0x1
 1033 0216 48       		.byte	0x48
 1034 0217 8F010000 		.4byte	0x18f
 1035 021b 00000000 		.4byte	.LFB68
 1036 021f 34000000 		.4byte	.LFE68-.LFB68
 1037 0223 01       		.uleb128 0x1
 1038 0224 9C       		.byte	0x9c
 1039 0225 0F       		.uleb128 0xf
 1040 0226 85000000 		.4byte	.LASF46
 1041 022a 01       		.byte	0x1
 1042 022b 4E       		.byte	0x4e
 1043 022c 00000000 		.4byte	.LFB69
 1044 0230 98010000 		.4byte	.LFE69-.LFB69
 1045 0234 01       		.uleb128 0x1
 1046 0235 9C       		.byte	0x9c
 1047 0236 57020000 		.4byte	0x257
 1048 023a 10       		.uleb128 0x10
 1049 023b 6E6F7700 		.ascii	"now\000"
 1050 023f 01       		.byte	0x1
 1051 0240 4E       		.byte	0x4e
 1052 0241 8F010000 		.4byte	0x18f
 1053 0245 02       		.uleb128 0x2
 1054 0246 91       		.byte	0x91
 1055 0247 58       		.sleb128 -40
 1056 0248 0D       		.uleb128 0xd
 1057 0249 7A020000 		.4byte	.LASF36
 1058 024d 01       		.byte	0x1
 1059 024e 56       		.byte	0x56
 1060 024f 97000000 		.4byte	0x97
 1061 0253 02       		.uleb128 0x2
 1062 0254 91       		.byte	0x91
 1063 0255 6F       		.sleb128 -17
 1064 0256 00       		.byte	0
 1065 0257 11       		.uleb128 0x11
 1066 0258 D9010000 		.4byte	.LASF47
 1067 025c 01       		.byte	0x1
 1068 025d 89       		.byte	0x89
 1069 025e 8F010000 		.4byte	0x18f
 1070 0262 00000000 		.4byte	.LFB70
 1071 0266 54010000 		.4byte	.LFE70-.LFB70
 1072 026a 01       		.uleb128 0x1
 1073 026b 9C       		.byte	0x9c
 1074 026c 8D020000 		.4byte	0x28d
ARM GAS  D:\Windows\AppData\Local\Temp\cc88URHn.s 			page 23


 1075 0270 0D       		.uleb128 0xd
 1076 0271 31000000 		.4byte	.LASF37
 1077 0275 01       		.byte	0x1
 1078 0276 8A       		.byte	0x8a
 1079 0277 8F010000 		.4byte	0x18f
 1080 027b 02       		.uleb128 0x2
 1081 027c 91       		.byte	0x91
 1082 027d 5C       		.sleb128 -36
 1083 027e 0D       		.uleb128 0xd
 1084 027f 7A020000 		.4byte	.LASF36
 1085 0283 01       		.byte	0x1
 1086 0284 8B       		.byte	0x8b
 1087 0285 97000000 		.4byte	0x97
 1088 0289 02       		.uleb128 0x2
 1089 028a 91       		.byte	0x91
 1090 028b 6F       		.sleb128 -17
 1091 028c 00       		.byte	0
 1092 028d 12       		.uleb128 0x12
 1093 028e 24010000 		.4byte	.LASF38
 1094 0292 06       		.byte	0x6
 1095 0293 9606     		.2byte	0x696
 1096 0295 99020000 		.4byte	0x299
 1097 0299 13       		.uleb128 0x13
 1098 029a AD000000 		.4byte	0xad
 1099 029e 14       		.uleb128 0x14
 1100 029f 13000000 		.4byte	.LASF39
 1101 02a3 01       		.byte	0x1
 1102 02a4 04       		.byte	0x4
 1103 02a5 AF020000 		.4byte	0x2af
 1104 02a9 05       		.uleb128 0x5
 1105 02aa 03       		.byte	0x3
 1106 02ab 00000000 		.4byte	current_time
 1107 02af 13       		.uleb128 0x13
 1108 02b0 8F010000 		.4byte	0x18f
 1109 02b4 00       		.byte	0
 1110              		.section	.debug_abbrev,"",%progbits
 1111              	.Ldebug_abbrev0:
 1112 0000 01       		.uleb128 0x1
 1113 0001 11       		.uleb128 0x11
 1114 0002 01       		.byte	0x1
 1115 0003 25       		.uleb128 0x25
 1116 0004 0E       		.uleb128 0xe
 1117 0005 13       		.uleb128 0x13
 1118 0006 0B       		.uleb128 0xb
 1119 0007 03       		.uleb128 0x3
 1120 0008 0E       		.uleb128 0xe
 1121 0009 1B       		.uleb128 0x1b
 1122 000a 0E       		.uleb128 0xe
 1123 000b 55       		.uleb128 0x55
 1124 000c 17       		.uleb128 0x17
 1125 000d 11       		.uleb128 0x11
 1126 000e 01       		.uleb128 0x1
 1127 000f 10       		.uleb128 0x10
 1128 0010 17       		.uleb128 0x17
 1129 0011 00       		.byte	0
 1130 0012 00       		.byte	0
 1131 0013 02       		.uleb128 0x2
ARM GAS  D:\Windows\AppData\Local\Temp\cc88URHn.s 			page 24


 1132 0014 24       		.uleb128 0x24
 1133 0015 00       		.byte	0
 1134 0016 0B       		.uleb128 0xb
 1135 0017 0B       		.uleb128 0xb
 1136 0018 3E       		.uleb128 0x3e
 1137 0019 0B       		.uleb128 0xb
 1138 001a 03       		.uleb128 0x3
 1139 001b 0E       		.uleb128 0xe
 1140 001c 00       		.byte	0
 1141 001d 00       		.byte	0
 1142 001e 03       		.uleb128 0x3
 1143 001f 16       		.uleb128 0x16
 1144 0020 00       		.byte	0
 1145 0021 03       		.uleb128 0x3
 1146 0022 0E       		.uleb128 0xe
 1147 0023 3A       		.uleb128 0x3a
 1148 0024 0B       		.uleb128 0xb
 1149 0025 3B       		.uleb128 0x3b
 1150 0026 0B       		.uleb128 0xb
 1151 0027 49       		.uleb128 0x49
 1152 0028 13       		.uleb128 0x13
 1153 0029 00       		.byte	0
 1154 002a 00       		.byte	0
 1155 002b 04       		.uleb128 0x4
 1156 002c 24       		.uleb128 0x24
 1157 002d 00       		.byte	0
 1158 002e 0B       		.uleb128 0xb
 1159 002f 0B       		.uleb128 0xb
 1160 0030 3E       		.uleb128 0x3e
 1161 0031 0B       		.uleb128 0xb
 1162 0032 03       		.uleb128 0x3
 1163 0033 08       		.uleb128 0x8
 1164 0034 00       		.byte	0
 1165 0035 00       		.byte	0
 1166 0036 05       		.uleb128 0x5
 1167 0037 13       		.uleb128 0x13
 1168 0038 01       		.byte	0x1
 1169 0039 0B       		.uleb128 0xb
 1170 003a 0B       		.uleb128 0xb
 1171 003b 3A       		.uleb128 0x3a
 1172 003c 0B       		.uleb128 0xb
 1173 003d 3B       		.uleb128 0x3b
 1174 003e 0B       		.uleb128 0xb
 1175 003f 01       		.uleb128 0x1
 1176 0040 13       		.uleb128 0x13
 1177 0041 00       		.byte	0
 1178 0042 00       		.byte	0
 1179 0043 06       		.uleb128 0x6
 1180 0044 0D       		.uleb128 0xd
 1181 0045 00       		.byte	0
 1182 0046 03       		.uleb128 0x3
 1183 0047 0E       		.uleb128 0xe
 1184 0048 3A       		.uleb128 0x3a
 1185 0049 0B       		.uleb128 0xb
 1186 004a 3B       		.uleb128 0x3b
 1187 004b 0B       		.uleb128 0xb
 1188 004c 49       		.uleb128 0x49
ARM GAS  D:\Windows\AppData\Local\Temp\cc88URHn.s 			page 25


 1189 004d 13       		.uleb128 0x13
 1190 004e 38       		.uleb128 0x38
 1191 004f 0B       		.uleb128 0xb
 1192 0050 00       		.byte	0
 1193 0051 00       		.byte	0
 1194 0052 07       		.uleb128 0x7
 1195 0053 0D       		.uleb128 0xd
 1196 0054 00       		.byte	0
 1197 0055 03       		.uleb128 0x3
 1198 0056 08       		.uleb128 0x8
 1199 0057 3A       		.uleb128 0x3a
 1200 0058 0B       		.uleb128 0xb
 1201 0059 3B       		.uleb128 0x3b
 1202 005a 0B       		.uleb128 0xb
 1203 005b 49       		.uleb128 0x49
 1204 005c 13       		.uleb128 0x13
 1205 005d 38       		.uleb128 0x38
 1206 005e 0B       		.uleb128 0xb
 1207 005f 00       		.byte	0
 1208 0060 00       		.byte	0
 1209 0061 08       		.uleb128 0x8
 1210 0062 01       		.uleb128 0x1
 1211 0063 01       		.byte	0x1
 1212 0064 49       		.uleb128 0x49
 1213 0065 13       		.uleb128 0x13
 1214 0066 01       		.uleb128 0x1
 1215 0067 13       		.uleb128 0x13
 1216 0068 00       		.byte	0
 1217 0069 00       		.byte	0
 1218 006a 09       		.uleb128 0x9
 1219 006b 21       		.uleb128 0x21
 1220 006c 00       		.byte	0
 1221 006d 49       		.uleb128 0x49
 1222 006e 13       		.uleb128 0x13
 1223 006f 2F       		.uleb128 0x2f
 1224 0070 0B       		.uleb128 0xb
 1225 0071 00       		.byte	0
 1226 0072 00       		.byte	0
 1227 0073 0A       		.uleb128 0xa
 1228 0074 2E       		.uleb128 0x2e
 1229 0075 00       		.byte	0
 1230 0076 3F       		.uleb128 0x3f
 1231 0077 19       		.uleb128 0x19
 1232 0078 03       		.uleb128 0x3
 1233 0079 0E       		.uleb128 0xe
 1234 007a 3A       		.uleb128 0x3a
 1235 007b 0B       		.uleb128 0xb
 1236 007c 3B       		.uleb128 0x3b
 1237 007d 0B       		.uleb128 0xb
 1238 007e 27       		.uleb128 0x27
 1239 007f 19       		.uleb128 0x19
 1240 0080 11       		.uleb128 0x11
 1241 0081 01       		.uleb128 0x1
 1242 0082 12       		.uleb128 0x12
 1243 0083 06       		.uleb128 0x6
 1244 0084 40       		.uleb128 0x40
 1245 0085 18       		.uleb128 0x18
ARM GAS  D:\Windows\AppData\Local\Temp\cc88URHn.s 			page 26


 1246 0086 9642     		.uleb128 0x2116
 1247 0088 19       		.uleb128 0x19
 1248 0089 00       		.byte	0
 1249 008a 00       		.byte	0
 1250 008b 0B       		.uleb128 0xb
 1251 008c 2E       		.uleb128 0x2e
 1252 008d 00       		.byte	0
 1253 008e 3F       		.uleb128 0x3f
 1254 008f 19       		.uleb128 0x19
 1255 0090 03       		.uleb128 0x3
 1256 0091 0E       		.uleb128 0xe
 1257 0092 3A       		.uleb128 0x3a
 1258 0093 0B       		.uleb128 0xb
 1259 0094 3B       		.uleb128 0x3b
 1260 0095 0B       		.uleb128 0xb
 1261 0096 11       		.uleb128 0x11
 1262 0097 01       		.uleb128 0x1
 1263 0098 12       		.uleb128 0x12
 1264 0099 06       		.uleb128 0x6
 1265 009a 40       		.uleb128 0x40
 1266 009b 18       		.uleb128 0x18
 1267 009c 9642     		.uleb128 0x2116
 1268 009e 19       		.uleb128 0x19
 1269 009f 00       		.byte	0
 1270 00a0 00       		.byte	0
 1271 00a1 0C       		.uleb128 0xc
 1272 00a2 2E       		.uleb128 0x2e
 1273 00a3 01       		.byte	0x1
 1274 00a4 3F       		.uleb128 0x3f
 1275 00a5 19       		.uleb128 0x19
 1276 00a6 03       		.uleb128 0x3
 1277 00a7 0E       		.uleb128 0xe
 1278 00a8 3A       		.uleb128 0x3a
 1279 00a9 0B       		.uleb128 0xb
 1280 00aa 3B       		.uleb128 0x3b
 1281 00ab 0B       		.uleb128 0xb
 1282 00ac 11       		.uleb128 0x11
 1283 00ad 01       		.uleb128 0x1
 1284 00ae 12       		.uleb128 0x12
 1285 00af 06       		.uleb128 0x6
 1286 00b0 40       		.uleb128 0x40
 1287 00b1 18       		.uleb128 0x18
 1288 00b2 9642     		.uleb128 0x2116
 1289 00b4 19       		.uleb128 0x19
 1290 00b5 01       		.uleb128 0x1
 1291 00b6 13       		.uleb128 0x13
 1292 00b7 00       		.byte	0
 1293 00b8 00       		.byte	0
 1294 00b9 0D       		.uleb128 0xd
 1295 00ba 34       		.uleb128 0x34
 1296 00bb 00       		.byte	0
 1297 00bc 03       		.uleb128 0x3
 1298 00bd 0E       		.uleb128 0xe
 1299 00be 3A       		.uleb128 0x3a
 1300 00bf 0B       		.uleb128 0xb
 1301 00c0 3B       		.uleb128 0x3b
 1302 00c1 0B       		.uleb128 0xb
ARM GAS  D:\Windows\AppData\Local\Temp\cc88URHn.s 			page 27


 1303 00c2 49       		.uleb128 0x49
 1304 00c3 13       		.uleb128 0x13
 1305 00c4 02       		.uleb128 0x2
 1306 00c5 18       		.uleb128 0x18
 1307 00c6 00       		.byte	0
 1308 00c7 00       		.byte	0
 1309 00c8 0E       		.uleb128 0xe
 1310 00c9 2E       		.uleb128 0x2e
 1311 00ca 00       		.byte	0
 1312 00cb 3F       		.uleb128 0x3f
 1313 00cc 19       		.uleb128 0x19
 1314 00cd 03       		.uleb128 0x3
 1315 00ce 0E       		.uleb128 0xe
 1316 00cf 3A       		.uleb128 0x3a
 1317 00d0 0B       		.uleb128 0xb
 1318 00d1 3B       		.uleb128 0x3b
 1319 00d2 0B       		.uleb128 0xb
 1320 00d3 27       		.uleb128 0x27
 1321 00d4 19       		.uleb128 0x19
 1322 00d5 49       		.uleb128 0x49
 1323 00d6 13       		.uleb128 0x13
 1324 00d7 11       		.uleb128 0x11
 1325 00d8 01       		.uleb128 0x1
 1326 00d9 12       		.uleb128 0x12
 1327 00da 06       		.uleb128 0x6
 1328 00db 40       		.uleb128 0x40
 1329 00dc 18       		.uleb128 0x18
 1330 00dd 9642     		.uleb128 0x2116
 1331 00df 19       		.uleb128 0x19
 1332 00e0 00       		.byte	0
 1333 00e1 00       		.byte	0
 1334 00e2 0F       		.uleb128 0xf
 1335 00e3 2E       		.uleb128 0x2e
 1336 00e4 01       		.byte	0x1
 1337 00e5 3F       		.uleb128 0x3f
 1338 00e6 19       		.uleb128 0x19
 1339 00e7 03       		.uleb128 0x3
 1340 00e8 0E       		.uleb128 0xe
 1341 00e9 3A       		.uleb128 0x3a
 1342 00ea 0B       		.uleb128 0xb
 1343 00eb 3B       		.uleb128 0x3b
 1344 00ec 0B       		.uleb128 0xb
 1345 00ed 27       		.uleb128 0x27
 1346 00ee 19       		.uleb128 0x19
 1347 00ef 11       		.uleb128 0x11
 1348 00f0 01       		.uleb128 0x1
 1349 00f1 12       		.uleb128 0x12
 1350 00f2 06       		.uleb128 0x6
 1351 00f3 40       		.uleb128 0x40
 1352 00f4 18       		.uleb128 0x18
 1353 00f5 9642     		.uleb128 0x2116
 1354 00f7 19       		.uleb128 0x19
 1355 00f8 01       		.uleb128 0x1
 1356 00f9 13       		.uleb128 0x13
 1357 00fa 00       		.byte	0
 1358 00fb 00       		.byte	0
 1359 00fc 10       		.uleb128 0x10
ARM GAS  D:\Windows\AppData\Local\Temp\cc88URHn.s 			page 28


 1360 00fd 05       		.uleb128 0x5
 1361 00fe 00       		.byte	0
 1362 00ff 03       		.uleb128 0x3
 1363 0100 08       		.uleb128 0x8
 1364 0101 3A       		.uleb128 0x3a
 1365 0102 0B       		.uleb128 0xb
 1366 0103 3B       		.uleb128 0x3b
 1367 0104 0B       		.uleb128 0xb
 1368 0105 49       		.uleb128 0x49
 1369 0106 13       		.uleb128 0x13
 1370 0107 02       		.uleb128 0x2
 1371 0108 18       		.uleb128 0x18
 1372 0109 00       		.byte	0
 1373 010a 00       		.byte	0
 1374 010b 11       		.uleb128 0x11
 1375 010c 2E       		.uleb128 0x2e
 1376 010d 01       		.byte	0x1
 1377 010e 3F       		.uleb128 0x3f
 1378 010f 19       		.uleb128 0x19
 1379 0110 03       		.uleb128 0x3
 1380 0111 0E       		.uleb128 0xe
 1381 0112 3A       		.uleb128 0x3a
 1382 0113 0B       		.uleb128 0xb
 1383 0114 3B       		.uleb128 0x3b
 1384 0115 0B       		.uleb128 0xb
 1385 0116 27       		.uleb128 0x27
 1386 0117 19       		.uleb128 0x19
 1387 0118 49       		.uleb128 0x49
 1388 0119 13       		.uleb128 0x13
 1389 011a 11       		.uleb128 0x11
 1390 011b 01       		.uleb128 0x1
 1391 011c 12       		.uleb128 0x12
 1392 011d 06       		.uleb128 0x6
 1393 011e 40       		.uleb128 0x40
 1394 011f 18       		.uleb128 0x18
 1395 0120 9642     		.uleb128 0x2116
 1396 0122 19       		.uleb128 0x19
 1397 0123 01       		.uleb128 0x1
 1398 0124 13       		.uleb128 0x13
 1399 0125 00       		.byte	0
 1400 0126 00       		.byte	0
 1401 0127 12       		.uleb128 0x12
 1402 0128 34       		.uleb128 0x34
 1403 0129 00       		.byte	0
 1404 012a 03       		.uleb128 0x3
 1405 012b 0E       		.uleb128 0xe
 1406 012c 3A       		.uleb128 0x3a
 1407 012d 0B       		.uleb128 0xb
 1408 012e 3B       		.uleb128 0x3b
 1409 012f 05       		.uleb128 0x5
 1410 0130 49       		.uleb128 0x49
 1411 0131 13       		.uleb128 0x13
 1412 0132 3F       		.uleb128 0x3f
 1413 0133 19       		.uleb128 0x19
 1414 0134 3C       		.uleb128 0x3c
 1415 0135 19       		.uleb128 0x19
 1416 0136 00       		.byte	0
ARM GAS  D:\Windows\AppData\Local\Temp\cc88URHn.s 			page 29


 1417 0137 00       		.byte	0
 1418 0138 13       		.uleb128 0x13
 1419 0139 35       		.uleb128 0x35
 1420 013a 00       		.byte	0
 1421 013b 49       		.uleb128 0x49
 1422 013c 13       		.uleb128 0x13
 1423 013d 00       		.byte	0
 1424 013e 00       		.byte	0
 1425 013f 14       		.uleb128 0x14
 1426 0140 34       		.uleb128 0x34
 1427 0141 00       		.byte	0
 1428 0142 03       		.uleb128 0x3
 1429 0143 0E       		.uleb128 0xe
 1430 0144 3A       		.uleb128 0x3a
 1431 0145 0B       		.uleb128 0xb
 1432 0146 3B       		.uleb128 0x3b
 1433 0147 0B       		.uleb128 0xb
 1434 0148 49       		.uleb128 0x49
 1435 0149 13       		.uleb128 0x13
 1436 014a 3F       		.uleb128 0x3f
 1437 014b 19       		.uleb128 0x19
 1438 014c 02       		.uleb128 0x2
 1439 014d 18       		.uleb128 0x18
 1440 014e 00       		.byte	0
 1441 014f 00       		.byte	0
 1442 0150 00       		.byte	0
 1443              		.section	.debug_aranges,"",%progbits
 1444 0000 54000000 		.4byte	0x54
 1445 0004 0200     		.2byte	0x2
 1446 0006 00000000 		.4byte	.Ldebug_info0
 1447 000a 04       		.byte	0x4
 1448 000b 00       		.byte	0
 1449 000c 0000     		.2byte	0
 1450 000e 0000     		.2byte	0
 1451 0010 00000000 		.4byte	.LFB63
 1452 0014 28000000 		.4byte	.LFE63-.LFB63
 1453 0018 00000000 		.4byte	.LFB64
 1454 001c 0A000000 		.4byte	.LFE64-.LFB64
 1455 0020 00000000 		.4byte	.LFB65
 1456 0024 3C000000 		.4byte	.LFE65-.LFB65
 1457 0028 00000000 		.4byte	.LFB66
 1458 002c 1C000000 		.4byte	.LFE66-.LFB66
 1459 0030 00000000 		.4byte	.LFB67
 1460 0034 7C000000 		.4byte	.LFE67-.LFB67
 1461 0038 00000000 		.4byte	.LFB68
 1462 003c 34000000 		.4byte	.LFE68-.LFB68
 1463 0040 00000000 		.4byte	.LFB69
 1464 0044 98010000 		.4byte	.LFE69-.LFB69
 1465 0048 00000000 		.4byte	.LFB70
 1466 004c 54010000 		.4byte	.LFE70-.LFB70
 1467 0050 00000000 		.4byte	0
 1468 0054 00000000 		.4byte	0
 1469              		.section	.debug_ranges,"",%progbits
 1470              	.Ldebug_ranges0:
 1471 0000 00000000 		.4byte	.LFB63
 1472 0004 28000000 		.4byte	.LFE63
 1473 0008 00000000 		.4byte	.LFB64
ARM GAS  D:\Windows\AppData\Local\Temp\cc88URHn.s 			page 30


 1474 000c 0A000000 		.4byte	.LFE64
 1475 0010 00000000 		.4byte	.LFB65
 1476 0014 3C000000 		.4byte	.LFE65
 1477 0018 00000000 		.4byte	.LFB66
 1478 001c 1C000000 		.4byte	.LFE66
 1479 0020 00000000 		.4byte	.LFB67
 1480 0024 7C000000 		.4byte	.LFE67
 1481 0028 00000000 		.4byte	.LFB68
 1482 002c 34000000 		.4byte	.LFE68
 1483 0030 00000000 		.4byte	.LFB69
 1484 0034 98010000 		.4byte	.LFE69
 1485 0038 00000000 		.4byte	.LFB70
 1486 003c 54010000 		.4byte	.LFE70
 1487 0040 00000000 		.4byte	0
 1488 0044 00000000 		.4byte	0
 1489              		.section	.debug_line,"",%progbits
 1490              	.Ldebug_line0:
 1491 0000 2A020000 		.section	.debug_str,"MS",%progbits,1
 1491      02004E01 
 1491      00000201 
 1491      FB0E0D00 
 1491      01010101 
 1492              	.LASF45:
 1493 0000 74696D65 		.ascii	"time_get\000"
 1493      5F676574 
 1493      00
 1494              	.LASF3:
 1495 0009 5F5F7569 		.ascii	"__uint8_t\000"
 1495      6E74385F 
 1495      7400
 1496              	.LASF39:
 1497 0013 63757272 		.ascii	"current_time\000"
 1497      656E745F 
 1497      74696D65 
 1497      00
 1498              	.LASF6:
 1499 0020 5F5F696E 		.ascii	"__int32_t\000"
 1499      7433325F 
 1499      7400
 1500              	.LASF27:
 1501 002a 6D696E75 		.ascii	"minute\000"
 1501      746500
 1502              	.LASF37:
 1503 0031 746D705F 		.ascii	"tmp_time\000"
 1503      74696D65 
 1503      00
 1504              	.LASF44:
 1505 003a 74696D65 		.ascii	"time_announce\000"
 1505      5F616E6E 
 1505      6F756E63 
 1505      6500
 1506              	.LASF42:
 1507 0048 443A5C44 		.ascii	"D:\\Downloads\\FRUCD\\Node-Beaver\\Node-Beaver\\Nod"
 1507      6F776E6C 
 1507      6F616473 
 1507      5C465255 
 1507      43445C4E 
ARM GAS  D:\Windows\AppData\Local\Temp\cc88URHn.s 			page 31


 1508 0076 652D4265 		.ascii	"e-Beaver.cydsn\000"
 1508      61766572 
 1508      2E637964 
 1508      736E00
 1509              	.LASF46:
 1510 0085 74696D65 		.ascii	"time_set\000"
 1510      5F736574 
 1510      00
 1511              	.LASF25:
 1512 008e 6D6F6E74 		.ascii	"month\000"
 1512      6800
 1513              	.LASF21:
 1514 0094 6D696C6C 		.ascii	"millicounter\000"
 1514      69636F75 
 1514      6E746572 
 1514      00
 1515              	.LASF32:
 1516 00a1 7764745F 		.ascii	"wdt_reset_interupt\000"
 1516      72657365 
 1516      745F696E 
 1516      74657275 
 1516      707400
 1517              	.LASF17:
 1518 00b4 666C6F61 		.ascii	"float\000"
 1518      7400
 1519              	.LASF23:
 1520 00ba 64617461 		.ascii	"data\000"
 1520      00
 1521              	.LASF34:
 1522 00bf 6D73675F 		.ascii	"msg_time\000"
 1522      74696D65 
 1522      00
 1523              	.LASF1:
 1524 00c8 756E7369 		.ascii	"unsigned char\000"
 1524      676E6564 
 1524      20636861 
 1524      7200
 1525              	.LASF8:
 1526 00d6 5F5F7569 		.ascii	"__uint32_t\000"
 1526      6E743332 
 1526      5F7400
 1527              	.LASF33:
 1528 00e1 74696D65 		.ascii	"time_init\000"
 1528      5F696E69 
 1528      7400
 1529              	.LASF9:
 1530 00eb 6C6F6E67 		.ascii	"long unsigned int\000"
 1530      20756E73 
 1530      69676E65 
 1530      6420696E 
 1530      7400
 1531              	.LASF5:
 1532 00fd 73686F72 		.ascii	"short unsigned int\000"
 1532      7420756E 
 1532      7369676E 
 1532      65642069 
 1532      6E7400
ARM GAS  D:\Windows\AppData\Local\Temp\cc88URHn.s 			page 32


 1533              	.LASF31:
 1534 0110 74696D65 		.ascii	"time_refresh_vector\000"
 1534      5F726566 
 1534      72657368 
 1534      5F766563 
 1534      746F7200 
 1535              	.LASF38:
 1536 0124 49544D5F 		.ascii	"ITM_RxBuffer\000"
 1536      52784275 
 1536      66666572 
 1536      00
 1537              	.LASF28:
 1538 0131 7365636F 		.ascii	"second\000"
 1538      6E6400
 1539              	.LASF29:
 1540 0138 79656172 		.ascii	"year\000"
 1540      00
 1541              	.LASF4:
 1542 013d 5F5F7569 		.ascii	"__uint16_t\000"
 1542      6E743136 
 1542      5F7400
 1543              	.LASF18:
 1544 0148 646F7562 		.ascii	"double\000"
 1544      6C6500
 1545              	.LASF43:
 1546 014f 7764745F 		.ascii	"wdt_init\000"
 1546      696E6974 
 1546      00
 1547              	.LASF2:
 1548 0158 73686F72 		.ascii	"short int\000"
 1548      7420696E 
 1548      7400
 1549              	.LASF35:
 1550 0162 61746F6D 		.ascii	"atomic_state\000"
 1550      69635F73 
 1550      74617465 
 1550      00
 1551              	.LASF12:
 1552 016f 756E7369 		.ascii	"unsigned int\000"
 1552      676E6564 
 1552      20696E74 
 1552      00
 1553              	.LASF24:
 1554 017c 44617461 		.ascii	"DataPacket\000"
 1554      5061636B 
 1554      657400
 1555              	.LASF11:
 1556 0187 6C6F6E67 		.ascii	"long long unsigned int\000"
 1556      206C6F6E 
 1556      6720756E 
 1556      7369676E 
 1556      65642069 
 1557              	.LASF13:
 1558 019e 75696E74 		.ascii	"uint8_t\000"
 1558      385F7400 
 1559              	.LASF26:
 1560 01a6 686F7572 		.ascii	"hour\000"
ARM GAS  D:\Windows\AppData\Local\Temp\cc88URHn.s 			page 33


 1560      00
 1561              	.LASF41:
 1562 01ab 74696D65 		.ascii	"time_manager.c\000"
 1562      5F6D616E 
 1562      61676572 
 1562      2E6300
 1563              	.LASF15:
 1564 01ba 696E7433 		.ascii	"int32_t\000"
 1564      325F7400 
 1565              	.LASF20:
 1566 01c2 73697A65 		.ascii	"sizetype\000"
 1566      74797065 
 1566      00
 1567              	.LASF10:
 1568 01cb 6C6F6E67 		.ascii	"long long int\000"
 1568      206C6F6E 
 1568      6720696E 
 1568      7400
 1569              	.LASF47:
 1570 01d9 74696D65 		.ascii	"time_retreive\000"
 1570      5F726574 
 1570      72656976 
 1570      6500
 1571              	.LASF19:
 1572 01e7 63686172 		.ascii	"char\000"
 1572      00
 1573              	.LASF40:
 1574 01ec 474E5520 		.ascii	"GNU C 4.9.3 20150303 (release) [ARM/embedded-4_9-br"
 1574      4320342E 
 1574      392E3320 
 1574      32303135 
 1574      30333033 
 1575 021f 616E6368 		.ascii	"anch revision 221220] -mcpu=cortex-m3 -mthumb -g -O"
 1575      20726576 
 1575      6973696F 
 1575      6E203232 
 1575      31323230 
 1576 0252 30202D66 		.ascii	"0 -ffunction-sections -ffat-lto-objects\000"
 1576      66756E63 
 1576      74696F6E 
 1576      2D736563 
 1576      74696F6E 
 1577              	.LASF36:
 1578 027a 62797465 		.ascii	"byte\000"
 1578      00
 1579              	.LASF14:
 1580 027f 75696E74 		.ascii	"uint16_t\000"
 1580      31365F74 
 1580      00
 1581              	.LASF16:
 1582 0288 75696E74 		.ascii	"uint32_t\000"
 1582      33325F74 
 1582      00
 1583              	.LASF7:
 1584 0291 6C6F6E67 		.ascii	"long int\000"
 1584      20696E74 
 1584      00
ARM GAS  D:\Windows\AppData\Local\Temp\cc88URHn.s 			page 34


 1585              	.LASF0:
 1586 029a 7369676E 		.ascii	"signed char\000"
 1586      65642063 
 1586      68617200 
 1587              	.LASF22:
 1588 02a6 6C656E67 		.ascii	"length\000"
 1588      746800
 1589              	.LASF30:
 1590 02ad 54696D65 		.ascii	"Time\000"
 1590      00
 1591              		.ident	"GCC: (GNU Tools for ARM Embedded Processors) 4.9.3 20150303 (release) [ARM/embedded-4_9-br
