ARM GAS  D:\Windows\AppData\Local\Temp\ccOz5wuy.s 			page 1


   1              		.syntax unified
   2              		.cpu cortex-m3
   3              		.fpu softvfp
   4              		.eabi_attribute 20, 1
   5              		.eabi_attribute 21, 1
   6              		.eabi_attribute 23, 3
   7              		.eabi_attribute 24, 1
   8              		.eabi_attribute 25, 1
   9              		.eabi_attribute 26, 1
  10              		.eabi_attribute 30, 6
  11              		.eabi_attribute 34, 1
  12              		.eabi_attribute 18, 4
  13              		.thumb
  14              		.file	"main.c"
  15              		.text
  16              	.Ltext0:
  17              		.cfi_sections	.debug_frame
  18              		.section	.text.main,"ax",%progbits
  19              		.align	2
  20              		.global	main
  21              		.thumb
  22              		.thumb_func
  23              		.type	main, %function
  24              	main:
  25              	.LFB56:
  26              		.file 1 "main.c"
   1:main.c        **** 
   2:main.c        **** /* Node-Beaver
   3:main.c        **** 	This node logs data via CAN and presents the data to the outside world.
   4:main.c        ****  */
   5:main.c        **** 
   6:main.c        **** #include <project.h>
   7:main.c        **** #include "time_manager.h"
   8:main.c        **** 
   9:main.c        **** 
  10:main.c        **** int main(void) {
  27              		.loc 1 10 0
  28              		.cfi_startproc
  29              		@ args = 0, pretend = 0, frame = 16
  30              		@ frame_needed = 1, uses_anonymous_args = 0
  31 0000 80B5     		push	{r7, lr}
  32              		.cfi_def_cfa_offset 8
  33              		.cfi_offset 7, -8
  34              		.cfi_offset 14, -4
  35 0002 84B0     		sub	sp, sp, #16
  36              		.cfi_def_cfa_offset 24
  37 0004 00AF     		add	r7, sp, #0
  38              		.cfi_def_cfa_register 7
  11:main.c        **** 	CYGlobalIntEnable;      //Uncomment this line to enable global interrupts
  39              		.loc 1 11 0
  40              	@ 11 "main.c" 1
  41 0006 62B6     		CPSIE   i
  42              	@ 0 "" 2
  12:main.c        ****     
  13:main.c        ****     Time now;
  14:main.c        ****     
  15:main.c        **** 	time_init();  //init everything
ARM GAS  D:\Windows\AppData\Local\Temp\ccOz5wuy.s 			page 2


  43              		.loc 1 15 0
  44              		.thumb
  45 0008 FFF7FEFF 		bl	time_init
  16:main.c        **** 
  17:main.c        ****     
  18:main.c        ****     //manual time input
  19:main.c        ****     now.year = 17;      //RTC only holds 2 digit years 20XX
  46              		.loc 1 19 0
  47 000c 1123     		movs	r3, #17
  48 000e BB81     		strh	r3, [r7, #12]	@ movhi
  20:main.c        ****     now.month = 5;
  49              		.loc 1 20 0
  50 0010 0523     		movs	r3, #5
  51 0012 3B70     		strb	r3, [r7]
  21:main.c        ****     now.day   = 23;
  52              		.loc 1 21 0
  53 0014 1723     		movs	r3, #23
  54 0016 7B70     		strb	r3, [r7, #1]
  22:main.c        ****     now.hour  = 14;       //24hour time
  55              		.loc 1 22 0
  56 0018 0E23     		movs	r3, #14
  57 001a BB70     		strb	r3, [r7, #2]
  23:main.c        ****     now.minute = 10;
  58              		.loc 1 23 0
  59 001c 0A23     		movs	r3, #10
  60 001e FB70     		strb	r3, [r7, #3]
  24:main.c        ****     now.second = 00;
  61              		.loc 1 24 0
  62 0020 0023     		movs	r3, #0
  63 0022 3B71     		strb	r3, [r7, #4]
  25:main.c        ****     
  26:main.c        ****     time_set(now);
  64              		.loc 1 26 0
  65 0024 3B46     		mov	r3, r7
  66 0026 0FCB     		ldmia	r3, {r0, r1, r2, r3}
  67 0028 FFF7FEFF 		bl	time_set
  68              	.L2:
  27:main.c        **** 	for(;;)	{
  28:main.c        ****         time_announce();
  69              		.loc 1 28 0 discriminator 1
  70 002c FFF7FEFF 		bl	time_announce
  29:main.c        **** 		CyDelay(1000);                 //refresh intervaal
  71              		.loc 1 29 0 discriminator 1
  72 0030 4FF47A70 		mov	r0, #1000
  73 0034 FFF7FEFF 		bl	CyDelay
  30:main.c        **** 	} // main loop
  74              		.loc 1 30 0 discriminator 1
  75 0038 F8E7     		b	.L2
  76              		.cfi_endproc
  77              	.LFE56:
  78              		.size	main, .-main
  79 003a 00BF     		.text
  80              	.Letext0:
  81              		.file 2 "d:\\programming\\cypress\\psoc creator\\4.0\\psoc creator\\import\\gnu\\arm\\4.9.3\\arm-n
  82              		.file 3 "d:\\programming\\cypress\\psoc creator\\4.0\\psoc creator\\import\\gnu\\arm\\4.9.3\\arm-n
  83              		.file 4 "time_manager.h"
  84              		.file 5 "Generated_Source\\PSoC5/core_cm3.h"
ARM GAS  D:\Windows\AppData\Local\Temp\ccOz5wuy.s 			page 3


  85              		.section	.debug_info,"",%progbits
  86              	.Ldebug_info0:
  87 0000 7D010000 		.4byte	0x17d
  88 0004 0400     		.2byte	0x4
  89 0006 00000000 		.4byte	.Ldebug_abbrev0
  90 000a 04       		.byte	0x4
  91 000b 01       		.uleb128 0x1
  92 000c 1B000000 		.4byte	.LASF28
  93 0010 01       		.byte	0x1
  94 0011 C6010000 		.4byte	.LASF29
  95 0015 5C010000 		.4byte	.LASF30
  96 0019 00000000 		.4byte	.Ldebug_ranges0+0
  97 001d 00000000 		.4byte	0
  98 0021 00000000 		.4byte	.Ldebug_line0
  99 0025 02       		.uleb128 0x2
 100 0026 01       		.byte	0x1
 101 0027 06       		.byte	0x6
 102 0028 F7010000 		.4byte	.LASF0
 103 002c 03       		.uleb128 0x3
 104 002d 00000000 		.4byte	.LASF3
 105 0031 02       		.byte	0x2
 106 0032 1D       		.byte	0x1d
 107 0033 37000000 		.4byte	0x37
 108 0037 02       		.uleb128 0x2
 109 0038 01       		.byte	0x1
 110 0039 08       		.byte	0x8
 111 003a C2000000 		.4byte	.LASF1
 112 003e 02       		.uleb128 0x2
 113 003f 02       		.byte	0x2
 114 0040 05       		.byte	0x5
 115 0041 D2010000 		.4byte	.LASF2
 116 0045 03       		.uleb128 0x3
 117 0046 0E010000 		.4byte	.LASF4
 118 004a 02       		.byte	0x2
 119 004b 2B       		.byte	0x2b
 120 004c 50000000 		.4byte	0x50
 121 0050 02       		.uleb128 0x2
 122 0051 02       		.byte	0x2
 123 0052 07       		.byte	0x7
 124 0053 E2000000 		.4byte	.LASF5
 125 0057 03       		.uleb128 0x3
 126 0058 0A000000 		.4byte	.LASF6
 127 005c 02       		.byte	0x2
 128 005d 3F       		.byte	0x3f
 129 005e 62000000 		.4byte	0x62
 130 0062 02       		.uleb128 0x2
 131 0063 04       		.byte	0x4
 132 0064 05       		.byte	0x5
 133 0065 EE010000 		.4byte	.LASF7
 134 0069 03       		.uleb128 0x3
 135 006a 20010000 		.4byte	.LASF8
 136 006e 02       		.byte	0x2
 137 006f 41       		.byte	0x41
 138 0070 74000000 		.4byte	0x74
 139 0074 02       		.uleb128 0x2
 140 0075 04       		.byte	0x4
 141 0076 07       		.byte	0x7
ARM GAS  D:\Windows\AppData\Local\Temp\ccOz5wuy.s 			page 4


 142 0077 D0000000 		.4byte	.LASF9
 143 007b 02       		.uleb128 0x2
 144 007c 08       		.byte	0x8
 145 007d 05       		.byte	0x5
 146 007e B8010000 		.4byte	.LASF10
 147 0082 02       		.uleb128 0x2
 148 0083 08       		.byte	0x8
 149 0084 07       		.byte	0x7
 150 0085 3D010000 		.4byte	.LASF11
 151 0089 04       		.uleb128 0x4
 152 008a 04       		.byte	0x4
 153 008b 05       		.byte	0x5
 154 008c 696E7400 		.ascii	"int\000"
 155 0090 02       		.uleb128 0x2
 156 0091 04       		.byte	0x4
 157 0092 07       		.byte	0x7
 158 0093 30010000 		.4byte	.LASF12
 159 0097 03       		.uleb128 0x3
 160 0098 54010000 		.4byte	.LASF13
 161 009c 03       		.byte	0x3
 162 009d 15       		.byte	0x15
 163 009e 2C000000 		.4byte	0x2c
 164 00a2 03       		.uleb128 0x3
 165 00a3 DC010000 		.4byte	.LASF14
 166 00a7 03       		.byte	0x3
 167 00a8 21       		.byte	0x21
 168 00a9 45000000 		.4byte	0x45
 169 00ad 03       		.uleb128 0x3
 170 00ae A7010000 		.4byte	.LASF15
 171 00b2 03       		.byte	0x3
 172 00b3 2C       		.byte	0x2c
 173 00b4 57000000 		.4byte	0x57
 174 00b8 03       		.uleb128 0x3
 175 00b9 E5010000 		.4byte	.LASF16
 176 00bd 03       		.byte	0x3
 177 00be 2D       		.byte	0x2d
 178 00bf 69000000 		.4byte	0x69
 179 00c3 02       		.uleb128 0x2
 180 00c4 04       		.byte	0x4
 181 00c5 04       		.byte	0x4
 182 00c6 BC000000 		.4byte	.LASF17
 183 00ca 02       		.uleb128 0x2
 184 00cb 08       		.byte	0x8
 185 00cc 04       		.byte	0x4
 186 00cd 19010000 		.4byte	.LASF18
 187 00d1 02       		.uleb128 0x2
 188 00d2 01       		.byte	0x1
 189 00d3 08       		.byte	0x8
 190 00d4 CD010000 		.4byte	.LASF19
 191 00d8 02       		.uleb128 0x2
 192 00d9 04       		.byte	0x4
 193 00da 07       		.byte	0x7
 194 00db AF010000 		.4byte	.LASF20
 195 00df 05       		.uleb128 0x5
 196 00e0 10       		.byte	0x10
 197 00e1 04       		.byte	0x4
 198 00e2 1C       		.byte	0x1c
ARM GAS  D:\Windows\AppData\Local\Temp\ccOz5wuy.s 			page 5


 199 00e3 3C010000 		.4byte	0x13c
 200 00e7 06       		.uleb128 0x6
 201 00e8 A9000000 		.4byte	.LASF21
 202 00ec 04       		.byte	0x4
 203 00ed 1D       		.byte	0x1d
 204 00ee 97000000 		.4byte	0x97
 205 00f2 00       		.byte	0
 206 00f3 07       		.uleb128 0x7
 207 00f4 64617900 		.ascii	"day\000"
 208 00f8 04       		.byte	0x4
 209 00f9 1D       		.byte	0x1d
 210 00fa 97000000 		.4byte	0x97
 211 00fe 01       		.byte	0x1
 212 00ff 06       		.uleb128 0x6
 213 0100 A2010000 		.4byte	.LASF22
 214 0104 04       		.byte	0x4
 215 0105 1D       		.byte	0x1d
 216 0106 97000000 		.4byte	0x97
 217 010a 02       		.byte	0x2
 218 010b 06       		.uleb128 0x6
 219 010c 14000000 		.4byte	.LASF23
 220 0110 04       		.byte	0x4
 221 0111 1D       		.byte	0x1d
 222 0112 97000000 		.4byte	0x97
 223 0116 03       		.byte	0x3
 224 0117 06       		.uleb128 0x6
 225 0118 02010000 		.4byte	.LASF24
 226 011c 04       		.byte	0x4
 227 011d 1D       		.byte	0x1d
 228 011e 97000000 		.4byte	0x97
 229 0122 04       		.byte	0x4
 230 0123 06       		.uleb128 0x6
 231 0124 AF000000 		.4byte	.LASF25
 232 0128 04       		.byte	0x4
 233 0129 1E       		.byte	0x1e
 234 012a B8000000 		.4byte	0xb8
 235 012e 08       		.byte	0x8
 236 012f 06       		.uleb128 0x6
 237 0130 09010000 		.4byte	.LASF26
 238 0134 04       		.byte	0x4
 239 0135 1F       		.byte	0x1f
 240 0136 A2000000 		.4byte	0xa2
 241 013a 0C       		.byte	0xc
 242 013b 00       		.byte	0
 243 013c 03       		.uleb128 0x3
 244 013d 03020000 		.4byte	.LASF27
 245 0141 04       		.byte	0x4
 246 0142 20       		.byte	0x20
 247 0143 DF000000 		.4byte	0xdf
 248 0147 08       		.uleb128 0x8
 249 0148 2B010000 		.4byte	.LASF31
 250 014c 01       		.byte	0x1
 251 014d 0A       		.byte	0xa
 252 014e 89000000 		.4byte	0x89
 253 0152 00000000 		.4byte	.LFB56
 254 0156 3A000000 		.4byte	.LFE56-.LFB56
 255 015a 01       		.uleb128 0x1
ARM GAS  D:\Windows\AppData\Local\Temp\ccOz5wuy.s 			page 6


 256 015b 9C       		.byte	0x9c
 257 015c 6F010000 		.4byte	0x16f
 258 0160 09       		.uleb128 0x9
 259 0161 6E6F7700 		.ascii	"now\000"
 260 0165 01       		.byte	0x1
 261 0166 0D       		.byte	0xd
 262 0167 3C010000 		.4byte	0x13c
 263 016b 02       		.uleb128 0x2
 264 016c 91       		.byte	0x91
 265 016d 68       		.sleb128 -24
 266 016e 00       		.byte	0
 267 016f 0A       		.uleb128 0xa
 268 0170 F5000000 		.4byte	.LASF32
 269 0174 05       		.byte	0x5
 270 0175 1606     		.2byte	0x616
 271 0177 7B010000 		.4byte	0x17b
 272 017b 0B       		.uleb128 0xb
 273 017c AD000000 		.4byte	0xad
 274 0180 00       		.byte	0
 275              		.section	.debug_abbrev,"",%progbits
 276              	.Ldebug_abbrev0:
 277 0000 01       		.uleb128 0x1
 278 0001 11       		.uleb128 0x11
 279 0002 01       		.byte	0x1
 280 0003 25       		.uleb128 0x25
 281 0004 0E       		.uleb128 0xe
 282 0005 13       		.uleb128 0x13
 283 0006 0B       		.uleb128 0xb
 284 0007 03       		.uleb128 0x3
 285 0008 0E       		.uleb128 0xe
 286 0009 1B       		.uleb128 0x1b
 287 000a 0E       		.uleb128 0xe
 288 000b 55       		.uleb128 0x55
 289 000c 17       		.uleb128 0x17
 290 000d 11       		.uleb128 0x11
 291 000e 01       		.uleb128 0x1
 292 000f 10       		.uleb128 0x10
 293 0010 17       		.uleb128 0x17
 294 0011 00       		.byte	0
 295 0012 00       		.byte	0
 296 0013 02       		.uleb128 0x2
 297 0014 24       		.uleb128 0x24
 298 0015 00       		.byte	0
 299 0016 0B       		.uleb128 0xb
 300 0017 0B       		.uleb128 0xb
 301 0018 3E       		.uleb128 0x3e
 302 0019 0B       		.uleb128 0xb
 303 001a 03       		.uleb128 0x3
 304 001b 0E       		.uleb128 0xe
 305 001c 00       		.byte	0
 306 001d 00       		.byte	0
 307 001e 03       		.uleb128 0x3
 308 001f 16       		.uleb128 0x16
 309 0020 00       		.byte	0
 310 0021 03       		.uleb128 0x3
 311 0022 0E       		.uleb128 0xe
 312 0023 3A       		.uleb128 0x3a
ARM GAS  D:\Windows\AppData\Local\Temp\ccOz5wuy.s 			page 7


 313 0024 0B       		.uleb128 0xb
 314 0025 3B       		.uleb128 0x3b
 315 0026 0B       		.uleb128 0xb
 316 0027 49       		.uleb128 0x49
 317 0028 13       		.uleb128 0x13
 318 0029 00       		.byte	0
 319 002a 00       		.byte	0
 320 002b 04       		.uleb128 0x4
 321 002c 24       		.uleb128 0x24
 322 002d 00       		.byte	0
 323 002e 0B       		.uleb128 0xb
 324 002f 0B       		.uleb128 0xb
 325 0030 3E       		.uleb128 0x3e
 326 0031 0B       		.uleb128 0xb
 327 0032 03       		.uleb128 0x3
 328 0033 08       		.uleb128 0x8
 329 0034 00       		.byte	0
 330 0035 00       		.byte	0
 331 0036 05       		.uleb128 0x5
 332 0037 13       		.uleb128 0x13
 333 0038 01       		.byte	0x1
 334 0039 0B       		.uleb128 0xb
 335 003a 0B       		.uleb128 0xb
 336 003b 3A       		.uleb128 0x3a
 337 003c 0B       		.uleb128 0xb
 338 003d 3B       		.uleb128 0x3b
 339 003e 0B       		.uleb128 0xb
 340 003f 01       		.uleb128 0x1
 341 0040 13       		.uleb128 0x13
 342 0041 00       		.byte	0
 343 0042 00       		.byte	0
 344 0043 06       		.uleb128 0x6
 345 0044 0D       		.uleb128 0xd
 346 0045 00       		.byte	0
 347 0046 03       		.uleb128 0x3
 348 0047 0E       		.uleb128 0xe
 349 0048 3A       		.uleb128 0x3a
 350 0049 0B       		.uleb128 0xb
 351 004a 3B       		.uleb128 0x3b
 352 004b 0B       		.uleb128 0xb
 353 004c 49       		.uleb128 0x49
 354 004d 13       		.uleb128 0x13
 355 004e 38       		.uleb128 0x38
 356 004f 0B       		.uleb128 0xb
 357 0050 00       		.byte	0
 358 0051 00       		.byte	0
 359 0052 07       		.uleb128 0x7
 360 0053 0D       		.uleb128 0xd
 361 0054 00       		.byte	0
 362 0055 03       		.uleb128 0x3
 363 0056 08       		.uleb128 0x8
 364 0057 3A       		.uleb128 0x3a
 365 0058 0B       		.uleb128 0xb
 366 0059 3B       		.uleb128 0x3b
 367 005a 0B       		.uleb128 0xb
 368 005b 49       		.uleb128 0x49
 369 005c 13       		.uleb128 0x13
ARM GAS  D:\Windows\AppData\Local\Temp\ccOz5wuy.s 			page 8


 370 005d 38       		.uleb128 0x38
 371 005e 0B       		.uleb128 0xb
 372 005f 00       		.byte	0
 373 0060 00       		.byte	0
 374 0061 08       		.uleb128 0x8
 375 0062 2E       		.uleb128 0x2e
 376 0063 01       		.byte	0x1
 377 0064 3F       		.uleb128 0x3f
 378 0065 19       		.uleb128 0x19
 379 0066 03       		.uleb128 0x3
 380 0067 0E       		.uleb128 0xe
 381 0068 3A       		.uleb128 0x3a
 382 0069 0B       		.uleb128 0xb
 383 006a 3B       		.uleb128 0x3b
 384 006b 0B       		.uleb128 0xb
 385 006c 27       		.uleb128 0x27
 386 006d 19       		.uleb128 0x19
 387 006e 49       		.uleb128 0x49
 388 006f 13       		.uleb128 0x13
 389 0070 11       		.uleb128 0x11
 390 0071 01       		.uleb128 0x1
 391 0072 12       		.uleb128 0x12
 392 0073 06       		.uleb128 0x6
 393 0074 40       		.uleb128 0x40
 394 0075 18       		.uleb128 0x18
 395 0076 9642     		.uleb128 0x2116
 396 0078 19       		.uleb128 0x19
 397 0079 01       		.uleb128 0x1
 398 007a 13       		.uleb128 0x13
 399 007b 00       		.byte	0
 400 007c 00       		.byte	0
 401 007d 09       		.uleb128 0x9
 402 007e 34       		.uleb128 0x34
 403 007f 00       		.byte	0
 404 0080 03       		.uleb128 0x3
 405 0081 08       		.uleb128 0x8
 406 0082 3A       		.uleb128 0x3a
 407 0083 0B       		.uleb128 0xb
 408 0084 3B       		.uleb128 0x3b
 409 0085 0B       		.uleb128 0xb
 410 0086 49       		.uleb128 0x49
 411 0087 13       		.uleb128 0x13
 412 0088 02       		.uleb128 0x2
 413 0089 18       		.uleb128 0x18
 414 008a 00       		.byte	0
 415 008b 00       		.byte	0
 416 008c 0A       		.uleb128 0xa
 417 008d 34       		.uleb128 0x34
 418 008e 00       		.byte	0
 419 008f 03       		.uleb128 0x3
 420 0090 0E       		.uleb128 0xe
 421 0091 3A       		.uleb128 0x3a
 422 0092 0B       		.uleb128 0xb
 423 0093 3B       		.uleb128 0x3b
 424 0094 05       		.uleb128 0x5
 425 0095 49       		.uleb128 0x49
 426 0096 13       		.uleb128 0x13
ARM GAS  D:\Windows\AppData\Local\Temp\ccOz5wuy.s 			page 9


 427 0097 3F       		.uleb128 0x3f
 428 0098 19       		.uleb128 0x19
 429 0099 3C       		.uleb128 0x3c
 430 009a 19       		.uleb128 0x19
 431 009b 00       		.byte	0
 432 009c 00       		.byte	0
 433 009d 0B       		.uleb128 0xb
 434 009e 35       		.uleb128 0x35
 435 009f 00       		.byte	0
 436 00a0 49       		.uleb128 0x49
 437 00a1 13       		.uleb128 0x13
 438 00a2 00       		.byte	0
 439 00a3 00       		.byte	0
 440 00a4 00       		.byte	0
 441              		.section	.debug_aranges,"",%progbits
 442 0000 1C000000 		.4byte	0x1c
 443 0004 0200     		.2byte	0x2
 444 0006 00000000 		.4byte	.Ldebug_info0
 445 000a 04       		.byte	0x4
 446 000b 00       		.byte	0
 447 000c 0000     		.2byte	0
 448 000e 0000     		.2byte	0
 449 0010 00000000 		.4byte	.LFB56
 450 0014 3A000000 		.4byte	.LFE56-.LFB56
 451 0018 00000000 		.4byte	0
 452 001c 00000000 		.4byte	0
 453              		.section	.debug_ranges,"",%progbits
 454              	.Ldebug_ranges0:
 455 0000 00000000 		.4byte	.LFB56
 456 0004 3A000000 		.4byte	.LFE56
 457 0008 00000000 		.4byte	0
 458 000c 00000000 		.4byte	0
 459              		.section	.debug_line,"",%progbits
 460              	.Ldebug_line0:
 461 0000 69010000 		.section	.debug_str,"MS",%progbits,1
 461      02003C01 
 461      00000201 
 461      FB0E0D00 
 461      01010101 
 462              	.LASF3:
 463 0000 5F5F7569 		.ascii	"__uint8_t\000"
 463      6E74385F 
 463      7400
 464              	.LASF6:
 465 000a 5F5F696E 		.ascii	"__int32_t\000"
 465      7433325F 
 465      7400
 466              	.LASF23:
 467 0014 6D696E75 		.ascii	"minute\000"
 467      746500
 468              	.LASF28:
 469 001b 474E5520 		.ascii	"GNU C 4.9.3 20150303 (release) [ARM/embedded-4_9-br"
 469      4320342E 
 469      392E3320 
 469      32303135 
 469      30333033 
 470 004e 616E6368 		.ascii	"anch revision 221220] -mcpu=cortex-m3 -mthumb -g -O"
ARM GAS  D:\Windows\AppData\Local\Temp\ccOz5wuy.s 			page 10


 470      20726576 
 470      6973696F 
 470      6E203232 
 470      31323230 
 471 0081 30202D66 		.ascii	"0 -ffunction-sections -ffat-lto-objects\000"
 471      66756E63 
 471      74696F6E 
 471      2D736563 
 471      74696F6E 
 472              	.LASF21:
 473 00a9 6D6F6E74 		.ascii	"month\000"
 473      6800
 474              	.LASF25:
 475 00af 6D696C6C 		.ascii	"millicounter\000"
 475      69636F75 
 475      6E746572 
 475      00
 476              	.LASF17:
 477 00bc 666C6F61 		.ascii	"float\000"
 477      7400
 478              	.LASF1:
 479 00c2 756E7369 		.ascii	"unsigned char\000"
 479      676E6564 
 479      20636861 
 479      7200
 480              	.LASF9:
 481 00d0 6C6F6E67 		.ascii	"long unsigned int\000"
 481      20756E73 
 481      69676E65 
 481      6420696E 
 481      7400
 482              	.LASF5:
 483 00e2 73686F72 		.ascii	"short unsigned int\000"
 483      7420756E 
 483      7369676E 
 483      65642069 
 483      6E7400
 484              	.LASF32:
 485 00f5 49544D5F 		.ascii	"ITM_RxBuffer\000"
 485      52784275 
 485      66666572 
 485      00
 486              	.LASF24:
 487 0102 7365636F 		.ascii	"second\000"
 487      6E6400
 488              	.LASF26:
 489 0109 79656172 		.ascii	"year\000"
 489      00
 490              	.LASF4:
 491 010e 5F5F7569 		.ascii	"__uint16_t\000"
 491      6E743136 
 491      5F7400
 492              	.LASF18:
 493 0119 646F7562 		.ascii	"double\000"
 493      6C6500
 494              	.LASF8:
 495 0120 5F5F7569 		.ascii	"__uint32_t\000"
ARM GAS  D:\Windows\AppData\Local\Temp\ccOz5wuy.s 			page 11


 495      6E743332 
 495      5F7400
 496              	.LASF31:
 497 012b 6D61696E 		.ascii	"main\000"
 497      00
 498              	.LASF12:
 499 0130 756E7369 		.ascii	"unsigned int\000"
 499      676E6564 
 499      20696E74 
 499      00
 500              	.LASF11:
 501 013d 6C6F6E67 		.ascii	"long long unsigned int\000"
 501      206C6F6E 
 501      6720756E 
 501      7369676E 
 501      65642069 
 502              	.LASF13:
 503 0154 75696E74 		.ascii	"uint8_t\000"
 503      385F7400 
 504              	.LASF30:
 505 015c 443A5C44 		.ascii	"D:\\Downloads\\FRUCD\\Node-Beaver\\Node-Beaver\\Nod"
 505      6F776E6C 
 505      6F616473 
 505      5C465255 
 505      43445C4E 
 506 018a 652D4265 		.ascii	"e-Beaver_time-set.cydsn\000"
 506      61766572 
 506      5F74696D 
 506      652D7365 
 506      742E6379 
 507              	.LASF22:
 508 01a2 686F7572 		.ascii	"hour\000"
 508      00
 509              	.LASF15:
 510 01a7 696E7433 		.ascii	"int32_t\000"
 510      325F7400 
 511              	.LASF20:
 512 01af 73697A65 		.ascii	"sizetype\000"
 512      74797065 
 512      00
 513              	.LASF10:
 514 01b8 6C6F6E67 		.ascii	"long long int\000"
 514      206C6F6E 
 514      6720696E 
 514      7400
 515              	.LASF29:
 516 01c6 6D61696E 		.ascii	"main.c\000"
 516      2E6300
 517              	.LASF19:
 518 01cd 63686172 		.ascii	"char\000"
 518      00
 519              	.LASF2:
 520 01d2 73686F72 		.ascii	"short int\000"
 520      7420696E 
 520      7400
 521              	.LASF14:
 522 01dc 75696E74 		.ascii	"uint16_t\000"
ARM GAS  D:\Windows\AppData\Local\Temp\ccOz5wuy.s 			page 12


 522      31365F74 
 522      00
 523              	.LASF16:
 524 01e5 75696E74 		.ascii	"uint32_t\000"
 524      33325F74 
 524      00
 525              	.LASF7:
 526 01ee 6C6F6E67 		.ascii	"long int\000"
 526      20696E74 
 526      00
 527              	.LASF0:
 528 01f7 7369676E 		.ascii	"signed char\000"
 528      65642063 
 528      68617200 
 529              	.LASF27:
 530 0203 54696D65 		.ascii	"Time\000"
 530      00
 531              		.ident	"GCC: (GNU Tools for ARM Embedded Processors) 4.9.3 20150303 (release) [ARM/embedded-4_9-br
